{"C:\\Users\\Bitrus.ed\\Desktop\\movie-recommendation-app\\frontend\\src\\AddMovie.js": {"path":"C:\\Users\\Bitrus.ed\\Desktop\\movie-recommendation-app\\frontend\\src\\AddMovie.js","statementMap":{"0":{"start":{"line":3,"column":16},"end":{"line":3,"column":109}},"1":{"start":{"line":6,"column":26},"end":{"line":6,"column":102}},"2":{"start":{"line":7,"column":32},"end":{"line":7,"column":44}},"3":{"start":{"line":9,"column":23},"end":{"line":11,"column":3}},"4":{"start":{"line":10,"column":4},"end":{"line":10,"column":58}},"5":{"start":{"line":13,"column":23},"end":{"line":44,"column":3}},"6":{"start":{"line":14,"column":4},"end":{"line":14,"column":23}},"7":{"start":{"line":15,"column":4},"end":{"line":15,"column":19}},"8":{"start":{"line":16,"column":18},"end":{"line":16,"column":47}},"9":{"start":{"line":17,"column":4},"end":{"line":20,"column":5}},"10":{"start":{"line":18,"column":6},"end":{"line":18,"column":58}},"11":{"start":{"line":19,"column":6},"end":{"line":19,"column":13}},"12":{"start":{"line":21,"column":4},"end":{"line":43,"column":5}},"13":{"start":{"line":22,"column":18},"end":{"line":32,"column":8}},"14":{"start":{"line":33,"column":19},"end":{"line":33,"column":35}},"15":{"start":{"line":34,"column":6},"end":{"line":40,"column":7}},"16":{"start":{"line":35,"column":8},"end":{"line":35,"column":35}},"17":{"start":{"line":36,"column":8},"end":{"line":36,"column":84}},"18":{"start":{"line":37,"column":8},"end":{"line":37,"column":41}},"19":{"start":{"line":37,"column":26},"end":{"line":37,"column":41}},"20":{"start":{"line":39,"column":8},"end":{"line":39,"column":58}},"21":{"start":{"line":42,"column":6},"end":{"line":42,"column":33}},"22":{"start":{"line":46,"column":2},"end":{"line":69,"column":4}}},"fnMap":{"0":{"name":"AddMovie","decl":{"start":{"line":5,"column":9},"end":{"line":5,"column":17}},"loc":{"start":{"line":5,"column":36},"end":{"line":70,"column":1}},"line":5},"1":{"name":"(anonymous_1)","decl":{"start":{"line":9,"column":23},"end":{"line":9,"column":24}},"loc":{"start":{"line":9,"column":28},"end":{"line":11,"column":3}},"line":9},"2":{"name":"(anonymous_2)","decl":{"start":{"line":13,"column":23},"end":{"line":13,"column":24}},"loc":{"start":{"line":13,"column":34},"end":{"line":44,"column":3}},"line":13}},"branchMap":{"0":{"loc":{"start":{"line":3,"column":16},"end":{"line":3,"column":109}},"type":"binary-expr","locations":[{"start":{"line":3,"column":16},"end":{"line":3,"column":45}},{"start":{"line":3,"column":49},"end":{"line":3,"column":109}}],"line":3},"1":{"loc":{"start":{"line":17,"column":4},"end":{"line":20,"column":5}},"type":"if","locations":[{"start":{"line":17,"column":4},"end":{"line":20,"column":5}},{"start":{},"end":{}}],"line":17},"2":{"loc":{"start":{"line":30,"column":16},"end":{"line":30,"column":63}},"type":"cond-expr","locations":[{"start":{"line":30,"column":28},"end":{"line":30,"column":51}},{"start":{"line":30,"column":54},"end":{"line":30,"column":63}}],"line":30},"3":{"loc":{"start":{"line":34,"column":6},"end":{"line":40,"column":7}},"type":"if","locations":[{"start":{"line":34,"column":6},"end":{"line":40,"column":7}},{"start":{"line":38,"column":13},"end":{"line":40,"column":7}}],"line":34},"4":{"loc":{"start":{"line":37,"column":8},"end":{"line":37,"column":41}},"type":"if","locations":[{"start":{"line":37,"column":8},"end":{"line":37,"column":41}},{"start":{},"end":{}}],"line":37},"5":{"loc":{"start":{"line":39,"column":19},"end":{"line":39,"column":56}},"type":"binary-expr","locations":[{"start":{"line":39,"column":19},"end":{"line":39,"column":31}},{"start":{"line":39,"column":35},"end":{"line":39,"column":56}}],"line":39},"6":{"loc":{"start":{"line":67,"column":7},"end":{"line":67,"column":72}},"type":"binary-expr","locations":[{"start":{"line":67,"column":7},"end":{"line":67,"column":14}},{"start":{"line":67,"column":18},"end":{"line":67,"column":72}}],"line":67}},"s":{"0":0,"1":0,"2":0,"3":0,"4":0,"5":0,"6":0,"7":0,"8":0,"9":0,"10":0,"11":0,"12":0,"13":0,"14":0,"15":0,"16":0,"17":0,"18":0,"19":0,"20":0,"21":0,"22":0},"f":{"0":0,"1":0,"2":0},"b":{"0":[0,0],"1":[0,0],"2":[0,0],"3":[0,0],"4":[0,0],"5":[0,0],"6":[0,0]}}
,"C:\\Users\\Bitrus.ed\\Desktop\\movie-recommendation-app\\frontend\\src\\AddMovieToWatchlist.js": {"path":"C:\\Users\\Bitrus.ed\\Desktop\\movie-recommendation-app\\frontend\\src\\AddMovieToWatchlist.js","statementMap":{"0":{"start":{"line":6,"column":38},"end":{"line":6,"column":50}},"1":{"start":{"line":7,"column":34},"end":{"line":7,"column":46}},"2":{"start":{"line":8,"column":32},"end":{"line":8,"column":44}},"3":{"start":{"line":10,"column":2},"end":{"line":14,"column":9}},"4":{"start":{"line":11,"column":4},"end":{"line":13,"column":47}},"5":{"start":{"line":12,"column":19},"end":{"line":12,"column":29}},"6":{"start":{"line":13,"column":20},"end":{"line":13,"column":45}},"7":{"start":{"line":16,"column":20},"end":{"line":32,"column":3}},"8":{"start":{"line":17,"column":4},"end":{"line":17,"column":23}},"9":{"start":{"line":18,"column":4},"end":{"line":18,"column":59}},"10":{"start":{"line":18,"column":19},"end":{"line":18,"column":59}},"11":{"start":{"line":19,"column":16},"end":{"line":29,"column":5}},"12":{"start":{"line":30,"column":17},"end":{"line":30,"column":33}},"13":{"start":{"line":31,"column":4},"end":{"line":31,"column":62}},"14":{"start":{"line":34,"column":2},"end":{"line":62,"column":4}},"15":{"start":{"line":44,"column":27},"end":{"line":44,"column":54}},"16":{"start":{"line":49,"column":14},"end":{"line":49,"column":68}}},"fnMap":{"0":{"name":"AddMovieToWatchlist","decl":{"start":{"line":5,"column":9},"end":{"line":5,"column":28}},"loc":{"start":{"line":5,"column":40},"end":{"line":63,"column":1}},"line":5},"1":{"name":"(anonymous_1)","decl":{"start":{"line":10,"column":12},"end":{"line":10,"column":13}},"loc":{"start":{"line":10,"column":18},"end":{"line":14,"column":3}},"line":10},"2":{"name":"(anonymous_2)","decl":{"start":{"line":12,"column":12},"end":{"line":12,"column":13}},"loc":{"start":{"line":12,"column":19},"end":{"line":12,"column":29}},"line":12},"3":{"name":"(anonymous_3)","decl":{"start":{"line":13,"column":12},"end":{"line":13,"column":13}},"loc":{"start":{"line":13,"column":20},"end":{"line":13,"column":45}},"line":13},"4":{"name":"(anonymous_4)","decl":{"start":{"line":16,"column":20},"end":{"line":16,"column":21}},"loc":{"start":{"line":16,"column":31},"end":{"line":32,"column":3}},"line":16},"5":{"name":"(anonymous_5)","decl":{"start":{"line":44,"column":22},"end":{"line":44,"column":23}},"loc":{"start":{"line":44,"column":27},"end":{"line":44,"column":54}},"line":44},"6":{"name":"(anonymous_6)","decl":{"start":{"line":48,"column":28},"end":{"line":48,"column":29}},"loc":{"start":{"line":49,"column":14},"end":{"line":49,"column":68}},"line":49}},"branchMap":{"0":{"loc":{"start":{"line":11,"column":17},"end":{"line":11,"column":73}},"type":"binary-expr","locations":[{"start":{"line":11,"column":17},"end":{"line":11,"column":46}},{"start":{"line":11,"column":50},"end":{"line":11,"column":73}}],"line":11},"1":{"loc":{"start":{"line":13,"column":34},"end":{"line":13,"column":44}},"type":"binary-expr","locations":[{"start":{"line":13,"column":34},"end":{"line":13,"column":38}},{"start":{"line":13,"column":42},"end":{"line":13,"column":44}}],"line":13},"2":{"loc":{"start":{"line":18,"column":4},"end":{"line":18,"column":59}},"type":"if","locations":[{"start":{"line":18,"column":4},"end":{"line":18,"column":59}},{"start":{},"end":{}}],"line":18},"3":{"loc":{"start":{"line":20,"column":9},"end":{"line":20,"column":65}},"type":"binary-expr","locations":[{"start":{"line":20,"column":9},"end":{"line":20,"column":38}},{"start":{"line":20,"column":42},"end":{"line":20,"column":65}}],"line":20},"4":{"loc":{"start":{"line":31,"column":15},"end":{"line":31,"column":60}},"type":"cond-expr","locations":[{"start":{"line":31,"column":24},"end":{"line":31,"column":45}},{"start":{"line":31,"column":48},"end":{"line":31,"column":60}}],"line":31},"5":{"loc":{"start":{"line":55,"column":11},"end":{"line":55,"column":74}},"type":"binary-expr","locations":[{"start":{"line":55,"column":11},"end":{"line":55,"column":18}},{"start":{"line":55,"column":22},"end":{"line":55,"column":74}}],"line":55}},"s":{"0":0,"1":0,"2":0,"3":0,"4":0,"5":0,"6":0,"7":0,"8":0,"9":0,"10":0,"11":0,"12":0,"13":0,"14":0,"15":0,"16":0},"f":{"0":0,"1":0,"2":0,"3":0,"4":0,"5":0,"6":0},"b":{"0":[0,0],"1":[0,0],"2":[0,0],"3":[0,0],"4":[0,0],"5":[0,0]}}
,"C:\\Users\\Bitrus.ed\\Desktop\\movie-recommendation-app\\frontend\\src\\App.js": {"path":"C:\\Users\\Bitrus.ed\\Desktop\\movie-recommendation-app\\frontend\\src\\App.js","statementMap":{"0":{"start":{"line":18,"column":28},"end":{"line":18,"column":83}},"1":{"start":{"line":18,"column":43},"end":{"line":18,"column":82}},"2":{"start":{"line":20,"column":2},"end":{"line":23,"column":14}},"3":{"start":{"line":21,"column":4},"end":{"line":21,"column":63}},"4":{"start":{"line":22,"column":4},"end":{"line":22,"column":41}},"5":{"start":{"line":25,"column":22},"end":{"line":25,"column":73}},"6":{"start":{"line":25,"column":28},"end":{"line":25,"column":73}},"7":{"start":{"line":27,"column":2},"end":{"line":38,"column":4}},"8":{"start":{"line":42,"column":51},"end":{"line":42,"column":80}},"9":{"start":{"line":43,"column":26},"end":{"line":43,"column":42}},"10":{"start":{"line":44,"column":44},"end":{"line":44,"column":59}},"11":{"start":{"line":45,"column":34},"end":{"line":45,"column":51}},"12":{"start":{"line":46,"column":44},"end":{"line":46,"column":58}},"13":{"start":{"line":49,"column":23},"end":{"line":83,"column":3}},"14":{"start":{"line":50,"column":4},"end":{"line":82,"column":13}},"15":{"start":{"line":59,"column":77},"end":{"line":59,"column":95}},"16":{"start":{"line":60,"column":77},"end":{"line":60,"column":94}},"17":{"start":{"line":61,"column":77},"end":{"line":61,"column":94}},"18":{"start":{"line":62,"column":77},"end":{"line":62,"column":97}},"19":{"start":{"line":63,"column":77},"end":{"line":63,"column":98}},"20":{"start":{"line":69,"column":71},"end":{"line":69,"column":89}},"21":{"start":{"line":76,"column":79},"end":{"line":76,"column":100}},"22":{"start":{"line":76,"column":101},"end":{"line":76,"column":124}},"23":{"start":{"line":77,"column":79},"end":{"line":77,"column":103}},"24":{"start":{"line":77,"column":104},"end":{"line":77,"column":127}},"25":{"start":{"line":86,"column":21},"end":{"line":135,"column":3}},"26":{"start":{"line":87,"column":4},"end":{"line":134,"column":14}},"27":{"start":{"line":138,"column":25},"end":{"line":140,"column":3}},"28":{"start":{"line":142,"column":2},"end":{"line":145,"column":3}},"29":{"start":{"line":143,"column":4},"end":{"line":143,"column":41}},"30":{"start":{"line":143,"column":21},"end":{"line":143,"column":36}},"31":{"start":{"line":144,"column":4},"end":{"line":144,"column":16}},"32":{"start":{"line":147,"column":2},"end":{"line":189,"column":4}},"33":{"start":{"line":163,"column":55},"end":{"line":163,"column":78}},"34":{"start":{"line":167,"column":38},"end":{"line":167,"column":46}},"35":{"start":{"line":167,"column":47},"end":{"line":167,"column":71}},"36":{"start":{"line":170,"column":81},"end":{"line":170,"column":104}},"37":{"start":{"line":179,"column":81},"end":{"line":179,"column":101}}},"fnMap":{"0":{"name":"App","decl":{"start":{"line":17,"column":9},"end":{"line":17,"column":12}},"loc":{"start":{"line":17,"column":15},"end":{"line":39,"column":1}},"line":17},"1":{"name":"(anonymous_1)","decl":{"start":{"line":18,"column":37},"end":{"line":18,"column":38}},"loc":{"start":{"line":18,"column":43},"end":{"line":18,"column":82}},"line":18},"2":{"name":"(anonymous_2)","decl":{"start":{"line":20,"column":12},"end":{"line":20,"column":13}},"loc":{"start":{"line":20,"column":18},"end":{"line":23,"column":3}},"line":20},"3":{"name":"(anonymous_3)","decl":{"start":{"line":25,"column":22},"end":{"line":25,"column":23}},"loc":{"start":{"line":25,"column":28},"end":{"line":25,"column":73}},"line":25},"4":{"name":"MainApp","decl":{"start":{"line":41,"column":9},"end":{"line":41,"column":16}},"loc":{"start":{"line":41,"column":19},"end":{"line":190,"column":1}},"line":41},"5":{"name":"(anonymous_5)","decl":{"start":{"line":49,"column":23},"end":{"line":49,"column":24}},"loc":{"start":{"line":50,"column":4},"end":{"line":82,"column":13}},"line":50},"6":{"name":"(anonymous_6)","decl":{"start":{"line":59,"column":71},"end":{"line":59,"column":72}},"loc":{"start":{"line":59,"column":77},"end":{"line":59,"column":95}},"line":59},"7":{"name":"(anonymous_7)","decl":{"start":{"line":60,"column":71},"end":{"line":60,"column":72}},"loc":{"start":{"line":60,"column":77},"end":{"line":60,"column":94}},"line":60},"8":{"name":"(anonymous_8)","decl":{"start":{"line":61,"column":71},"end":{"line":61,"column":72}},"loc":{"start":{"line":61,"column":77},"end":{"line":61,"column":94}},"line":61},"9":{"name":"(anonymous_9)","decl":{"start":{"line":62,"column":71},"end":{"line":62,"column":72}},"loc":{"start":{"line":62,"column":77},"end":{"line":62,"column":97}},"line":62},"10":{"name":"(anonymous_10)","decl":{"start":{"line":63,"column":71},"end":{"line":63,"column":72}},"loc":{"start":{"line":63,"column":77},"end":{"line":63,"column":98}},"line":63},"11":{"name":"(anonymous_11)","decl":{"start":{"line":69,"column":65},"end":{"line":69,"column":66}},"loc":{"start":{"line":69,"column":71},"end":{"line":69,"column":89}},"line":69},"12":{"name":"(anonymous_12)","decl":{"start":{"line":76,"column":71},"end":{"line":76,"column":72}},"loc":{"start":{"line":76,"column":77},"end":{"line":76,"column":126}},"line":76},"13":{"name":"(anonymous_13)","decl":{"start":{"line":77,"column":71},"end":{"line":77,"column":72}},"loc":{"start":{"line":77,"column":77},"end":{"line":77,"column":129}},"line":77},"14":{"name":"(anonymous_14)","decl":{"start":{"line":86,"column":21},"end":{"line":86,"column":22}},"loc":{"start":{"line":87,"column":4},"end":{"line":134,"column":14}},"line":87},"15":{"name":"(anonymous_15)","decl":{"start":{"line":143,"column":15},"end":{"line":143,"column":16}},"loc":{"start":{"line":143,"column":21},"end":{"line":143,"column":36}},"line":143},"16":{"name":"(anonymous_16)","decl":{"start":{"line":163,"column":49},"end":{"line":163,"column":50}},"loc":{"start":{"line":163,"column":55},"end":{"line":163,"column":78}},"line":163},"17":{"name":"(anonymous_17)","decl":{"start":{"line":167,"column":30},"end":{"line":167,"column":31}},"loc":{"start":{"line":167,"column":36},"end":{"line":167,"column":73}},"line":167},"18":{"name":"(anonymous_18)","decl":{"start":{"line":170,"column":75},"end":{"line":170,"column":76}},"loc":{"start":{"line":170,"column":81},"end":{"line":170,"column":104}},"line":170},"19":{"name":"(anonymous_19)","decl":{"start":{"line":179,"column":75},"end":{"line":179,"column":76}},"loc":{"start":{"line":179,"column":81},"end":{"line":179,"column":101}},"line":179}},"branchMap":{"0":{"loc":{"start":{"line":18,"column":43},"end":{"line":18,"column":82}},"type":"binary-expr","locations":[{"start":{"line":18,"column":43},"end":{"line":18,"column":72}},{"start":{"line":18,"column":76},"end":{"line":18,"column":82}}],"line":18},"1":{"loc":{"start":{"line":25,"column":37},"end":{"line":25,"column":72}},"type":"cond-expr","locations":[{"start":{"line":25,"column":56},"end":{"line":25,"column":63}},{"start":{"line":25,"column":66},"end":{"line":25,"column":72}}],"line":25},"2":{"loc":{"start":{"line":30,"column":9},"end":{"line":30,"column":39}},"type":"cond-expr","locations":[{"start":{"line":30,"column":28},"end":{"line":30,"column":32}},{"start":{"line":30,"column":35},"end":{"line":30,"column":39}}],"line":30},"3":{"loc":{"start":{"line":57,"column":11},"end":{"line":79,"column":11}},"type":"cond-expr","locations":[{"start":{"line":58,"column":12},"end":{"line":73,"column":15}},{"start":{"line":75,"column":12},"end":{"line":78,"column":15}}],"line":57},"4":{"loc":{"start":{"line":66,"column":19},"end":{"line":66,"column":46}},"type":"binary-expr","locations":[{"start":{"line":66,"column":19},"end":{"line":66,"column":33}},{"start":{"line":66,"column":37},"end":{"line":66,"column":46}}],"line":66},"5":{"loc":{"start":{"line":142,"column":2},"end":{"line":145,"column":3}},"type":"if","locations":[{"start":{"line":142,"column":2},"end":{"line":145,"column":3}},{"start":{},"end":{}}],"line":142},"6":{"loc":{"start":{"line":142,"column":6},"end":{"line":142,"column":55}},"type":"binary-expr","locations":[{"start":{"line":142,"column":6},"end":{"line":142,"column":22}},{"start":{"line":142,"column":26},"end":{"line":142,"column":55}}],"line":142},"7":{"loc":{"start":{"line":151,"column":9},"end":{"line":151,"column":40}},"type":"binary-expr","locations":[{"start":{"line":151,"column":9},"end":{"line":151,"column":24}},{"start":{"line":151,"column":28},"end":{"line":151,"column":40}}],"line":151},"8":{"loc":{"start":{"line":152,"column":9},"end":{"line":162,"column":16}},"type":"cond-expr","locations":[{"start":{"line":153,"column":10},"end":{"line":161,"column":16}},{"start":{"line":162,"column":12},"end":{"line":162,"column":16}}],"line":152},"9":{"loc":{"start":{"line":154,"column":13},"end":{"line":154,"column":46}},"type":"binary-expr","locations":[{"start":{"line":154,"column":13},"end":{"line":154,"column":31}},{"start":{"line":154,"column":35},"end":{"line":154,"column":46}}],"line":154},"10":{"loc":{"start":{"line":155,"column":13},"end":{"line":155,"column":47}},"type":"binary-expr","locations":[{"start":{"line":155,"column":13},"end":{"line":155,"column":30}},{"start":{"line":155,"column":34},"end":{"line":155,"column":47}}],"line":155},"11":{"loc":{"start":{"line":156,"column":13},"end":{"line":156,"column":62}},"type":"binary-expr","locations":[{"start":{"line":156,"column":13},"end":{"line":156,"column":39}},{"start":{"line":156,"column":43},"end":{"line":156,"column":62}}],"line":156},"12":{"loc":{"start":{"line":157,"column":13},"end":{"line":157,"column":85}},"type":"binary-expr","locations":[{"start":{"line":157,"column":13},"end":{"line":157,"column":30}},{"start":{"line":157,"column":34},"end":{"line":157,"column":85}}],"line":157},"13":{"loc":{"start":{"line":158,"column":13},"end":{"line":158,"column":73}},"type":"binary-expr","locations":[{"start":{"line":158,"column":13},"end":{"line":158,"column":31}},{"start":{"line":158,"column":35},"end":{"line":158,"column":73}}],"line":158},"14":{"loc":{"start":{"line":159,"column":13},"end":{"line":159,"column":54}},"type":"binary-expr","locations":[{"start":{"line":159,"column":13},"end":{"line":159,"column":33}},{"start":{"line":159,"column":37},"end":{"line":159,"column":54}}],"line":159},"15":{"loc":{"start":{"line":160,"column":13},"end":{"line":160,"column":52}},"type":"binary-expr","locations":[{"start":{"line":160,"column":13},"end":{"line":160,"column":34}},{"start":{"line":160,"column":38},"end":{"line":160,"column":52}}],"line":160},"16":{"loc":{"start":{"line":164,"column":11},"end":{"line":182,"column":11}},"type":"cond-expr","locations":[{"start":{"line":165,"column":12},"end":{"line":172,"column":18}},{"start":{"line":174,"column":12},"end":{"line":181,"column":18}}],"line":164}},"s":{"0":0,"1":0,"2":0,"3":0,"4":0,"5":0,"6":0,"7":0,"8":0,"9":0,"10":0,"11":0,"12":0,"13":0,"14":0,"15":0,"16":0,"17":0,"18":0,"19":0,"20":0,"21":0,"22":0,"23":0,"24":0,"25":0,"26":0,"27":0,"28":0,"29":0,"30":0,"31":0,"32":0,"33":0,"34":0,"35":0,"36":0,"37":0},"f":{"0":0,"1":0,"2":0,"3":0,"4":0,"5":0,"6":0,"7":0,"8":0,"9":0,"10":0,"11":0,"12":0,"13":0,"14":0,"15":0,"16":0,"17":0,"18":0,"19":0},"b":{"0":[0,0],"1":[0,0],"2":[0,0],"3":[0,0],"4":[0,0],"5":[0,0],"6":[0,0],"7":[0,0],"8":[0,0],"9":[0,0],"10":[0,0],"11":[0,0],"12":[0,0],"13":[0,0],"14":[0,0],"15":[0,0],"16":[0,0]}}
,"C:\\Users\\Bitrus.ed\\Desktop\\movie-recommendation-app\\frontend\\src\\AuthContext.js": {"path":"C:\\Users\\Bitrus.ed\\Desktop\\movie-recommendation-app\\frontend\\src\\AuthContext.js","statementMap":{"0":{"start":{"line":3,"column":27},"end":{"line":3,"column":42}},"1":{"start":{"line":6,"column":48},"end":{"line":6,"column":89}},"2":{"start":{"line":7,"column":26},"end":{"line":7,"column":40}},"3":{"start":{"line":10,"column":29},"end":{"line":29,"column":8}},"4":{"start":{"line":11,"column":4},"end":{"line":28,"column":5}},"5":{"start":{"line":12,"column":18},"end":{"line":15,"column":8}},"6":{"start":{"line":16,"column":19},"end":{"line":16,"column":35}},"7":{"start":{"line":17,"column":6},"end":{"line":24,"column":7}},"8":{"start":{"line":18,"column":8},"end":{"line":18,"column":50}},"9":{"start":{"line":19,"column":8},"end":{"line":19,"column":33}},"10":{"start":{"line":20,"column":8},"end":{"line":20,"column":26}},"11":{"start":{"line":22,"column":8},"end":{"line":22,"column":17}},"12":{"start":{"line":23,"column":8},"end":{"line":23,"column":20}},"13":{"start":{"line":26,"column":6},"end":{"line":26,"column":15}},"14":{"start":{"line":27,"column":6},"end":{"line":27,"column":18}},"15":{"start":{"line":31,"column":2},"end":{"line":45,"column":50}},"16":{"start":{"line":32,"column":4},"end":{"line":35,"column":5}},"17":{"start":{"line":34,"column":6},"end":{"line":34,"column":27}},"18":{"start":{"line":36,"column":4},"end":{"line":44,"column":5}},"19":{"start":{"line":37,"column":6},"end":{"line":43,"column":36}},"20":{"start":{"line":41,"column":21},"end":{"line":41,"column":31}},"21":{"start":{"line":42,"column":22},"end":{"line":42,"column":35}},"22":{"start":{"line":43,"column":21},"end":{"line":43,"column":34}},"23":{"start":{"line":47,"column":16},"end":{"line":54,"column":3}},"24":{"start":{"line":48,"column":4},"end":{"line":48,"column":29}},"25":{"start":{"line":49,"column":4},"end":{"line":49,"column":21}},"26":{"start":{"line":50,"column":4},"end":{"line":53,"column":5}},"27":{"start":{"line":51,"column":6},"end":{"line":51,"column":43}},"28":{"start":{"line":56,"column":17},"end":{"line":65,"column":3}},"29":{"start":{"line":57,"column":4},"end":{"line":57,"column":37}},"30":{"start":{"line":58,"column":4},"end":{"line":58,"column":30}},"31":{"start":{"line":59,"column":4},"end":{"line":59,"column":18}},"32":{"start":{"line":61,"column":4},"end":{"line":64,"column":23}},"33":{"start":{"line":67,"column":2},"end":{"line":71,"column":4}}},"fnMap":{"0":{"name":"AuthProvider","decl":{"start":{"line":5,"column":16},"end":{"line":5,"column":28}},"loc":{"start":{"line":5,"column":43},"end":{"line":72,"column":1}},"line":5},"1":{"name":"(anonymous_1)","decl":{"start":{"line":10,"column":41},"end":{"line":10,"column":42}},"loc":{"start":{"line":10,"column":53},"end":{"line":29,"column":3}},"line":10},"2":{"name":"(anonymous_2)","decl":{"start":{"line":31,"column":12},"end":{"line":31,"column":13}},"loc":{"start":{"line":31,"column":18},"end":{"line":45,"column":3}},"line":31},"3":{"name":"(anonymous_3)","decl":{"start":{"line":41,"column":14},"end":{"line":41,"column":15}},"loc":{"start":{"line":41,"column":21},"end":{"line":41,"column":31}},"line":41},"4":{"name":"(anonymous_4)","decl":{"start":{"line":42,"column":14},"end":{"line":42,"column":15}},"loc":{"start":{"line":42,"column":22},"end":{"line":42,"column":35}},"line":42},"5":{"name":"(anonymous_5)","decl":{"start":{"line":43,"column":15},"end":{"line":43,"column":16}},"loc":{"start":{"line":43,"column":21},"end":{"line":43,"column":34}},"line":43},"6":{"name":"(anonymous_6)","decl":{"start":{"line":47,"column":16},"end":{"line":47,"column":17}},"loc":{"start":{"line":47,"column":36},"end":{"line":54,"column":3}},"line":47},"7":{"name":"(anonymous_7)","decl":{"start":{"line":56,"column":17},"end":{"line":56,"column":18}},"loc":{"start":{"line":56,"column":23},"end":{"line":65,"column":3}},"line":56},"8":{"name":"(anonymous_8)","decl":{"start":{"line":64,"column":13},"end":{"line":64,"column":14}},"loc":{"start":{"line":64,"column":19},"end":{"line":64,"column":21}},"line":64}},"branchMap":{"0":{"loc":{"start":{"line":12,"column":33},"end":{"line":12,"column":89}},"type":"binary-expr","locations":[{"start":{"line":12,"column":33},"end":{"line":12,"column":62}},{"start":{"line":12,"column":66},"end":{"line":12,"column":89}}],"line":12},"1":{"loc":{"start":{"line":17,"column":6},"end":{"line":24,"column":7}},"type":"if","locations":[{"start":{"line":17,"column":6},"end":{"line":24,"column":7}},{"start":{"line":21,"column":13},"end":{"line":24,"column":7}}],"line":17},"2":{"loc":{"start":{"line":17,"column":10},"end":{"line":17,"column":30}},"type":"binary-expr","locations":[{"start":{"line":17,"column":10},"end":{"line":17,"column":16}},{"start":{"line":17,"column":20},"end":{"line":17,"column":30}}],"line":17},"3":{"loc":{"start":{"line":32,"column":4},"end":{"line":35,"column":5}},"type":"if","locations":[{"start":{"line":32,"column":4},"end":{"line":35,"column":5}},{"start":{},"end":{}}],"line":32},"4":{"loc":{"start":{"line":36,"column":4},"end":{"line":44,"column":5}},"type":"if","locations":[{"start":{"line":36,"column":4},"end":{"line":44,"column":5}},{"start":{},"end":{}}],"line":36},"5":{"loc":{"start":{"line":36,"column":8},"end":{"line":36,"column":32}},"type":"binary-expr","locations":[{"start":{"line":36,"column":8},"end":{"line":36,"column":23}},{"start":{"line":36,"column":27},"end":{"line":36,"column":32}}],"line":36},"6":{"loc":{"start":{"line":37,"column":15},"end":{"line":37,"column":71}},"type":"binary-expr","locations":[{"start":{"line":37,"column":15},"end":{"line":37,"column":44}},{"start":{"line":37,"column":48},"end":{"line":37,"column":71}}],"line":37},"7":{"loc":{"start":{"line":50,"column":4},"end":{"line":53,"column":5}},"type":"if","locations":[{"start":{"line":50,"column":4},"end":{"line":53,"column":5}},{"start":{},"end":{}}],"line":50},"8":{"loc":{"start":{"line":61,"column":13},"end":{"line":61,"column":69}},"type":"binary-expr","locations":[{"start":{"line":61,"column":13},"end":{"line":61,"column":42}},{"start":{"line":61,"column":46},"end":{"line":61,"column":69}}],"line":61}},"s":{"0":2,"1":0,"2":0,"3":0,"4":0,"5":0,"6":0,"7":0,"8":0,"9":0,"10":0,"11":0,"12":0,"13":0,"14":0,"15":0,"16":0,"17":0,"18":0,"19":0,"20":0,"21":0,"22":0,"23":0,"24":0,"25":0,"26":0,"27":0,"28":0,"29":0,"30":0,"31":0,"32":0,"33":0},"f":{"0":0,"1":0,"2":0,"3":0,"4":0,"5":0,"6":0,"7":0,"8":0},"b":{"0":[0,0],"1":[0,0],"2":[0,0],"3":[0,0],"4":[0,0],"5":[0,0],"6":[0,0],"7":[0,0],"8":[0,0]},"_coverageSchema":"1a1c01bbd47fc00a2c39e90264f33305004495a9","hash":"2d5fbcdd1a717c9c2c7391beedeeee3857628bd2"}
,"C:\\Users\\Bitrus.ed\\Desktop\\movie-recommendation-app\\frontend\\src\\AuthModal.js": {"path":"C:\\Users\\Bitrus.ed\\Desktop\\movie-recommendation-app\\frontend\\src\\AuthModal.js","statementMap":{"0":{"start":{"line":4,"column":19},"end":{"line":4,"column":27}},"1":{"start":{"line":5,"column":28},"end":{"line":5,"column":40}},"2":{"start":{"line":7,"column":2},"end":{"line":33,"column":22}},"3":{"start":{"line":8,"column":4},"end":{"line":32,"column":5}},"4":{"start":{"line":9,"column":6},"end":{"line":9,"column":57}},"5":{"start":{"line":10,"column":6},"end":{"line":10,"column":32}},"6":{"start":{"line":11,"column":28},"end":{"line":26,"column":7}},"7":{"start":{"line":12,"column":8},"end":{"line":12,"column":42}},"8":{"start":{"line":12,"column":32},"end":{"line":12,"column":42}},"9":{"start":{"line":14,"column":8},"end":{"line":25,"column":9}},"10":{"start":{"line":15,"column":28},"end":{"line":15,"column":106}},"11":{"start":{"line":16,"column":24},"end":{"line":16,"column":36}},"12":{"start":{"line":17,"column":23},"end":{"line":17,"column":54}},"13":{"start":{"line":18,"column":10},"end":{"line":24,"column":11}},"14":{"start":{"line":19,"column":12},"end":{"line":19,"column":31}},"15":{"start":{"line":20,"column":12},"end":{"line":20,"column":25}},"16":{"start":{"line":21,"column":17},"end":{"line":24,"column":11}},"17":{"start":{"line":22,"column":12},"end":{"line":22,"column":31}},"18":{"start":{"line":23,"column":12},"end":{"line":23,"column":26}},"19":{"start":{"line":27,"column":6},"end":{"line":27,"column":58}},"20":{"start":{"line":28,"column":6},"end":{"line":31,"column":8}},"21":{"start":{"line":29,"column":8},"end":{"line":29,"column":63}},"22":{"start":{"line":30,"column":8},"end":{"line":30,"column":43}},"23":{"start":{"line":35,"column":2},"end":{"line":35,"column":25}},"24":{"start":{"line":35,"column":13},"end":{"line":35,"column":25}},"25":{"start":{"line":36,"column":2},"end":{"line":43,"column":4}}},"fnMap":{"0":{"name":"AuthModal","decl":{"start":{"line":3,"column":24},"end":{"line":3,"column":33}},"loc":{"start":{"line":3,"column":63},"end":{"line":44,"column":1}},"line":3},"1":{"name":"(anonymous_1)","decl":{"start":{"line":7,"column":12},"end":{"line":7,"column":13}},"loc":{"start":{"line":7,"column":18},"end":{"line":33,"column":3}},"line":7},"2":{"name":"(anonymous_2)","decl":{"start":{"line":11,"column":28},"end":{"line":11,"column":29}},"loc":{"start":{"line":11,"column":35},"end":{"line":26,"column":7}},"line":11},"3":{"name":"(anonymous_3)","decl":{"start":{"line":28,"column":13},"end":{"line":28,"column":14}},"loc":{"start":{"line":28,"column":19},"end":{"line":31,"column":7}},"line":28}},"branchMap":{"0":{"loc":{"start":{"line":8,"column":4},"end":{"line":32,"column":5}},"type":"if","locations":[{"start":{"line":8,"column":4},"end":{"line":32,"column":5}},{"start":{},"end":{}}],"line":8},"1":{"loc":{"start":{"line":12,"column":8},"end":{"line":12,"column":42}},"type":"if","locations":[{"start":{"line":12,"column":8},"end":{"line":12,"column":42}},{"start":{},"end":{}}],"line":12},"2":{"loc":{"start":{"line":14,"column":8},"end":{"line":25,"column":9}},"type":"if","locations":[{"start":{"line":14,"column":8},"end":{"line":25,"column":9}},{"start":{},"end":{}}],"line":14},"3":{"loc":{"start":{"line":18,"column":10},"end":{"line":24,"column":11}},"type":"if","locations":[{"start":{"line":18,"column":10},"end":{"line":24,"column":11}},{"start":{"line":21,"column":17},"end":{"line":24,"column":11}}],"line":18},"4":{"loc":{"start":{"line":18,"column":14},"end":{"line":18,"column":60}},"type":"binary-expr","locations":[{"start":{"line":18,"column":14},"end":{"line":18,"column":24}},{"start":{"line":18,"column":28},"end":{"line":18,"column":60}}],"line":18},"5":{"loc":{"start":{"line":21,"column":17},"end":{"line":24,"column":11}},"type":"if","locations":[{"start":{"line":21,"column":17},"end":{"line":24,"column":11}},{"start":{},"end":{}}],"line":21},"6":{"loc":{"start":{"line":21,"column":21},"end":{"line":21,"column":67}},"type":"binary-expr","locations":[{"start":{"line":21,"column":21},"end":{"line":21,"column":32}},{"start":{"line":21,"column":36},"end":{"line":21,"column":67}}],"line":21},"7":{"loc":{"start":{"line":35,"column":2},"end":{"line":35,"column":25}},"type":"if","locations":[{"start":{"line":35,"column":2},"end":{"line":35,"column":25}},{"start":{},"end":{}}],"line":35}},"s":{"0":0,"1":0,"2":0,"3":0,"4":0,"5":0,"6":0,"7":0,"8":0,"9":0,"10":0,"11":0,"12":0,"13":0,"14":0,"15":0,"16":0,"17":0,"18":0,"19":0,"20":0,"21":0,"22":0,"23":0,"24":0,"25":0},"f":{"0":0,"1":0,"2":0,"3":0},"b":{"0":[0,0],"1":[0,0],"2":[0,0],"3":[0,0],"4":[0,0],"5":[0,0],"6":[0,0],"7":[0,0]}}
,"C:\\Users\\Bitrus.ed\\Desktop\\movie-recommendation-app\\frontend\\src\\FavoritesList.js": {"path":"C:\\Users\\Bitrus.ed\\Desktop\\movie-recommendation-app\\frontend\\src\\FavoritesList.js","statementMap":{"0":{"start":{"line":5,"column":16},"end":{"line":5,"column":72}},"1":{"start":{"line":8,"column":20},"end":{"line":8,"column":43}},"2":{"start":{"line":9,"column":17},"end":{"line":9,"column":34}},"3":{"start":{"line":10,"column":36},"end":{"line":10,"column":48}},"4":{"start":{"line":11,"column":32},"end":{"line":11,"column":46}},"5":{"start":{"line":13,"column":25},"end":{"line":27,"column":3}},"6":{"start":{"line":14,"column":4},"end":{"line":14,"column":21}},"7":{"start":{"line":15,"column":4},"end":{"line":26,"column":5}},"8":{"start":{"line":16,"column":18},"end":{"line":18,"column":8}},"9":{"start":{"line":19,"column":6},"end":{"line":19,"column":64}},"10":{"start":{"line":19,"column":19},"end":{"line":19,"column":64}},"11":{"start":{"line":20,"column":19},"end":{"line":20,"column":35}},"12":{"start":{"line":21,"column":6},"end":{"line":21,"column":25}},"13":{"start":{"line":23,"column":6},"end":{"line":23,"column":35}},"14":{"start":{"line":25,"column":6},"end":{"line":25,"column":24}},"15":{"start":{"line":29,"column":25},"end":{"line":41,"column":3}},"16":{"start":{"line":30,"column":4},"end":{"line":40,"column":5}},"17":{"start":{"line":31,"column":18},"end":{"line":34,"column":8}},"18":{"start":{"line":35,"column":6},"end":{"line":35,"column":64}},"19":{"start":{"line":35,"column":19},"end":{"line":35,"column":64}},"20":{"start":{"line":36,"column":6},"end":{"line":36,"column":69}},"21":{"start":{"line":36,"column":43},"end":{"line":36,"column":66}},"22":{"start":{"line":37,"column":6},"end":{"line":37,"column":44}},"23":{"start":{"line":39,"column":6},"end":{"line":39,"column":35}},"24":{"start":{"line":43,"column":2},"end":{"line":45,"column":14}},"25":{"start":{"line":44,"column":4},"end":{"line":44,"column":32}},"26":{"start":{"line":44,"column":15},"end":{"line":44,"column":32}},"27":{"start":{"line":47,"column":2},"end":{"line":47,"column":54}},"28":{"start":{"line":47,"column":15},"end":{"line":47,"column":54}},"29":{"start":{"line":48,"column":2},"end":{"line":48,"column":61}},"30":{"start":{"line":48,"column":25},"end":{"line":48,"column":61}},"31":{"start":{"line":50,"column":2},"end":{"line":62,"column":4}},"32":{"start":{"line":55,"column":10},"end":{"line":58,"column":15}},"33":{"start":{"line":57,"column":69},"end":{"line":57,"column":96}}},"fnMap":{"0":{"name":"FavoritesList","decl":{"start":{"line":7,"column":9},"end":{"line":7,"column":22}},"loc":{"start":{"line":7,"column":25},"end":{"line":63,"column":1}},"line":7},"1":{"name":"(anonymous_1)","decl":{"start":{"line":13,"column":25},"end":{"line":13,"column":26}},"loc":{"start":{"line":13,"column":37},"end":{"line":27,"column":3}},"line":13},"2":{"name":"(anonymous_2)","decl":{"start":{"line":29,"column":25},"end":{"line":29,"column":26}},"loc":{"start":{"line":29,"column":44},"end":{"line":41,"column":3}},"line":29},"3":{"name":"(anonymous_3)","decl":{"start":{"line":36,"column":36},"end":{"line":36,"column":37}},"loc":{"start":{"line":36,"column":43},"end":{"line":36,"column":66}},"line":36},"4":{"name":"(anonymous_4)","decl":{"start":{"line":43,"column":12},"end":{"line":43,"column":13}},"loc":{"start":{"line":43,"column":18},"end":{"line":45,"column":3}},"line":43},"5":{"name":"(anonymous_5)","decl":{"start":{"line":54,"column":23},"end":{"line":54,"column":24}},"loc":{"start":{"line":55,"column":10},"end":{"line":58,"column":15}},"line":55},"6":{"name":"(anonymous_6)","decl":{"start":{"line":57,"column":63},"end":{"line":57,"column":64}},"loc":{"start":{"line":57,"column":69},"end":{"line":57,"column":96}},"line":57}},"branchMap":{"0":{"loc":{"start":{"line":5,"column":16},"end":{"line":5,"column":72}},"type":"binary-expr","locations":[{"start":{"line":5,"column":16},"end":{"line":5,"column":45}},{"start":{"line":5,"column":49},"end":{"line":5,"column":72}}],"line":5},"1":{"loc":{"start":{"line":19,"column":6},"end":{"line":19,"column":64}},"type":"if","locations":[{"start":{"line":19,"column":6},"end":{"line":19,"column":64}},{"start":{},"end":{}}],"line":19},"2":{"loc":{"start":{"line":35,"column":6},"end":{"line":35,"column":64}},"type":"if","locations":[{"start":{"line":35,"column":6},"end":{"line":35,"column":64}},{"start":{},"end":{}}],"line":35},"3":{"loc":{"start":{"line":44,"column":4},"end":{"line":44,"column":32}},"type":"if","locations":[{"start":{"line":44,"column":4},"end":{"line":44,"column":32}},{"start":{},"end":{}}],"line":44},"4":{"loc":{"start":{"line":47,"column":2},"end":{"line":47,"column":54}},"type":"if","locations":[{"start":{"line":47,"column":2},"end":{"line":47,"column":54}},{"start":{},"end":{}}],"line":47},"5":{"loc":{"start":{"line":48,"column":2},"end":{"line":48,"column":61}},"type":"if","locations":[{"start":{"line":48,"column":2},"end":{"line":48,"column":61}},{"start":{},"end":{}}],"line":48}},"s":{"0":1,"1":0,"2":0,"3":0,"4":0,"5":0,"6":0,"7":0,"8":0,"9":0,"10":0,"11":0,"12":0,"13":0,"14":0,"15":0,"16":0,"17":0,"18":0,"19":0,"20":0,"21":0,"22":0,"23":0,"24":0,"25":0,"26":0,"27":0,"28":0,"29":0,"30":0,"31":0,"32":0,"33":0},"f":{"0":0,"1":0,"2":0,"3":0,"4":0,"5":0,"6":0},"b":{"0":[1,1],"1":[0,0],"2":[0,0],"3":[0,0],"4":[0,0],"5":[0,0]},"_coverageSchema":"1a1c01bbd47fc00a2c39e90264f33305004495a9","hash":"cf5160935fe0ad3eb1fc9a05bf7dd6171973d9ae"}
,"C:\\Users\\Bitrus.ed\\Desktop\\movie-recommendation-app\\frontend\\src\\Login.js": {"path":"C:\\Users\\Bitrus.ed\\Desktop\\movie-recommendation-app\\frontend\\src\\Login.js","statementMap":{"0":{"start":{"line":8,"column":26},"end":{"line":8,"column":63}},"1":{"start":{"line":9,"column":32},"end":{"line":9,"column":44}},"2":{"start":{"line":10,"column":30},"end":{"line":10,"column":42}},"3":{"start":{"line":11,"column":42},"end":{"line":11,"column":57}},"4":{"start":{"line":12,"column":32},"end":{"line":12,"column":47}},"5":{"start":{"line":13,"column":20},"end":{"line":13,"column":43}},"6":{"start":{"line":14,"column":17},"end":{"line":14,"column":34}},"7":{"start":{"line":16,"column":23},"end":{"line":18,"column":3}},"8":{"start":{"line":17,"column":4},"end":{"line":17,"column":58}},"9":{"start":{"line":20,"column":19},"end":{"line":25,"column":3}},"10":{"start":{"line":21,"column":17},"end":{"line":21,"column":19}},"11":{"start":{"line":22,"column":4},"end":{"line":22,"column":54}},"12":{"start":{"line":22,"column":21},"end":{"line":22,"column":54}},"13":{"start":{"line":23,"column":4},"end":{"line":23,"column":63}},"14":{"start":{"line":23,"column":24},"end":{"line":23,"column":63}},"15":{"start":{"line":24,"column":4},"end":{"line":24,"column":16}},"16":{"start":{"line":27,"column":23},"end":{"line":62,"column":3}},"17":{"start":{"line":28,"column":4},"end":{"line":28,"column":23}},"18":{"start":{"line":29,"column":4},"end":{"line":29,"column":19}},"19":{"start":{"line":30,"column":17},"end":{"line":30,"column":27}},"20":{"start":{"line":31,"column":4},"end":{"line":31,"column":20}},"21":{"start":{"line":32,"column":4},"end":{"line":32,"column":45}},"22":{"start":{"line":32,"column":38},"end":{"line":32,"column":45}},"23":{"start":{"line":33,"column":4},"end":{"line":33,"column":21}},"24":{"start":{"line":34,"column":4},"end":{"line":61,"column":5}},"25":{"start":{"line":35,"column":18},"end":{"line":40,"column":8}},"26":{"start":{"line":41,"column":19},"end":{"line":41,"column":35}},"27":{"start":{"line":42,"column":6},"end":{"line":42,"column":24}},"28":{"start":{"line":43,"column":6},"end":{"line":56,"column":7}},"29":{"start":{"line":44,"column":8},"end":{"line":44,"column":50}},"30":{"start":{"line":45,"column":8},"end":{"line":45,"column":43}},"31":{"start":{"line":46,"column":8},"end":{"line":46,"column":40}},"32":{"start":{"line":47,"column":8},"end":{"line":47,"column":47}},"33":{"start":{"line":48,"column":8},"end":{"line":48,"column":31}},"34":{"start":{"line":48,"column":21},"end":{"line":48,"column":31}},"35":{"start":{"line":49,"column":13},"end":{"line":56,"column":7}},"36":{"start":{"line":51,"column":8},"end":{"line":51,"column":76}},"37":{"start":{"line":51,"column":35},"end":{"line":51,"column":74}},"38":{"start":{"line":52,"column":8},"end":{"line":52,"column":51}},"39":{"start":{"line":54,"column":8},"end":{"line":54,"column":51}},"40":{"start":{"line":55,"column":8},"end":{"line":55,"column":56}},"41":{"start":{"line":58,"column":6},"end":{"line":58,"column":33}},"42":{"start":{"line":59,"column":6},"end":{"line":59,"column":38}},"43":{"start":{"line":60,"column":6},"end":{"line":60,"column":24}},"44":{"start":{"line":64,"column":30},"end":{"line":89,"column":3}},"45":{"start":{"line":65,"column":4},"end":{"line":65,"column":21}},"46":{"start":{"line":66,"column":4},"end":{"line":88,"column":5}},"47":{"start":{"line":67,"column":18},"end":{"line":71,"column":8}},"48":{"start":{"line":72,"column":19},"end":{"line":72,"column":35}},"49":{"start":{"line":73,"column":6},"end":{"line":73,"column":24}},"50":{"start":{"line":74,"column":6},"end":{"line":83,"column":7}},"51":{"start":{"line":75,"column":8},"end":{"line":75,"column":50}},"52":{"start":{"line":76,"column":8},"end":{"line":76,"column":43}},"53":{"start":{"line":77,"column":8},"end":{"line":77,"column":40}},"54":{"start":{"line":78,"column":8},"end":{"line":78,"column":47}},"55":{"start":{"line":79,"column":8},"end":{"line":79,"column":31}},"56":{"start":{"line":79,"column":21},"end":{"line":79,"column":31}},"57":{"start":{"line":81,"column":8},"end":{"line":81,"column":58}},"58":{"start":{"line":82,"column":8},"end":{"line":82,"column":63}},"59":{"start":{"line":85,"column":6},"end":{"line":85,"column":33}},"60":{"start":{"line":86,"column":6},"end":{"line":86,"column":38}},"61":{"start":{"line":87,"column":6},"end":{"line":87,"column":24}},"62":{"start":{"line":90,"column":28},"end":{"line":92,"column":3}},"63":{"start":{"line":91,"column":4},"end":{"line":91,"column":43}},"64":{"start":{"line":95,"column":27},"end":{"line":118,"column":3}},"65":{"start":{"line":96,"column":19},"end":{"line":96,"column":75}},"66":{"start":{"line":97,"column":18},"end":{"line":97,"column":21}},"67":{"start":{"line":97,"column":32},"end":{"line":97,"column":35}},"68":{"start":{"line":98,"column":17},"end":{"line":98,"column":65}},"69":{"start":{"line":99,"column":16},"end":{"line":99,"column":66}},"70":{"start":{"line":100,"column":16},"end":{"line":100,"column":48}},"71":{"start":{"line":101,"column":18},"end":{"line":101,"column":113}},"72":{"start":{"line":102,"column":4},"end":{"line":105,"column":5}},"73":{"start":{"line":103,"column":6},"end":{"line":103,"column":75}},"74":{"start":{"line":104,"column":6},"end":{"line":104,"column":13}},"75":{"start":{"line":107,"column":26},"end":{"line":116,"column":5}},"76":{"start":{"line":108,"column":6},"end":{"line":108,"column":51}},"77":{"start":{"line":108,"column":44},"end":{"line":108,"column":51}},"78":{"start":{"line":109,"column":6},"end":{"line":109,"column":54}},"79":{"start":{"line":110,"column":6},"end":{"line":110,"column":53}},"80":{"start":{"line":111,"column":6},"end":{"line":111,"column":94}},"81":{"start":{"line":112,"column":6},"end":{"line":112,"column":101}},"82":{"start":{"line":113,"column":6},"end":{"line":113,"column":29}},"83":{"start":{"line":113,"column":19},"end":{"line":113,"column":29}},"84":{"start":{"line":114,"column":6},"end":{"line":114,"column":59}},"85":{"start":{"line":115,"column":6},"end":{"line":115,"column":20}},"86":{"start":{"line":117,"column":4},"end":{"line":117,"column":54}},"87":{"start":{"line":120,"column":30},"end":{"line":122,"column":3}},"88":{"start":{"line":121,"column":4},"end":{"line":121,"column":33}},"89":{"start":{"line":124,"column":28},"end":{"line":126,"column":3}},"90":{"start":{"line":125,"column":4},"end":{"line":125,"column":31}},"91":{"start":{"line":128,"column":2},"end":{"line":185,"column":4}},"92":{"start":{"line":158,"column":137},"end":{"line":158,"column":161}},"93":{"start":{"line":158,"column":158},"end":{"line":158,"column":160}}},"fnMap":{"0":{"name":"Login","decl":{"start":{"line":7,"column":9},"end":{"line":7,"column":14}},"loc":{"start":{"line":7,"column":28},"end":{"line":186,"column":1}},"line":7},"1":{"name":"(anonymous_1)","decl":{"start":{"line":16,"column":23},"end":{"line":16,"column":24}},"loc":{"start":{"line":16,"column":28},"end":{"line":18,"column":3}},"line":16},"2":{"name":"(anonymous_2)","decl":{"start":{"line":20,"column":19},"end":{"line":20,"column":20}},"loc":{"start":{"line":20,"column":25},"end":{"line":25,"column":3}},"line":20},"3":{"name":"(anonymous_3)","decl":{"start":{"line":27,"column":23},"end":{"line":27,"column":24}},"loc":{"start":{"line":27,"column":34},"end":{"line":62,"column":3}},"line":27},"4":{"name":"(anonymous_4)","decl":{"start":{"line":51,"column":28},"end":{"line":51,"column":29}},"loc":{"start":{"line":51,"column":35},"end":{"line":51,"column":74}},"line":51},"5":{"name":"(anonymous_5)","decl":{"start":{"line":64,"column":30},"end":{"line":64,"column":31}},"loc":{"start":{"line":64,"column":60},"end":{"line":89,"column":3}},"line":64},"6":{"name":"(anonymous_6)","decl":{"start":{"line":90,"column":28},"end":{"line":90,"column":29}},"loc":{"start":{"line":90,"column":34},"end":{"line":92,"column":3}},"line":90},"7":{"name":"(anonymous_7)","decl":{"start":{"line":95,"column":27},"end":{"line":95,"column":28}},"loc":{"start":{"line":95,"column":41},"end":{"line":118,"column":3}},"line":95},"8":{"name":"(anonymous_8)","decl":{"start":{"line":107,"column":26},"end":{"line":107,"column":27}},"loc":{"start":{"line":107,"column":37},"end":{"line":116,"column":5}},"line":107},"9":{"name":"(anonymous_9)","decl":{"start":{"line":120,"column":30},"end":{"line":120,"column":31}},"loc":{"start":{"line":120,"column":36},"end":{"line":122,"column":3}},"line":120},"10":{"name":"(anonymous_10)","decl":{"start":{"line":124,"column":28},"end":{"line":124,"column":29}},"loc":{"start":{"line":124,"column":34},"end":{"line":126,"column":3}},"line":124},"11":{"name":"(anonymous_11)","decl":{"start":{"line":158,"column":131},"end":{"line":158,"column":132}},"loc":{"start":{"line":158,"column":137},"end":{"line":158,"column":161}},"line":158},"12":{"name":"(anonymous_12)","decl":{"start":{"line":158,"column":153},"end":{"line":158,"column":154}},"loc":{"start":{"line":158,"column":158},"end":{"line":158,"column":160}},"line":158}},"branchMap":{"0":{"loc":{"start":{"line":22,"column":4},"end":{"line":22,"column":54}},"type":"if","locations":[{"start":{"line":22,"column":4},"end":{"line":22,"column":54}},{"start":{},"end":{}}],"line":22},"1":{"loc":{"start":{"line":23,"column":4},"end":{"line":23,"column":63}},"type":"if","locations":[{"start":{"line":23,"column":4},"end":{"line":23,"column":63}},{"start":{},"end":{}}],"line":23},"2":{"loc":{"start":{"line":32,"column":4},"end":{"line":32,"column":45}},"type":"if","locations":[{"start":{"line":32,"column":4},"end":{"line":32,"column":45}},{"start":{},"end":{}}],"line":32},"3":{"loc":{"start":{"line":35,"column":33},"end":{"line":35,"column":89}},"type":"binary-expr","locations":[{"start":{"line":35,"column":33},"end":{"line":35,"column":62}},{"start":{"line":35,"column":66},"end":{"line":35,"column":89}}],"line":35},"4":{"loc":{"start":{"line":43,"column":6},"end":{"line":56,"column":7}},"type":"if","locations":[{"start":{"line":43,"column":6},"end":{"line":56,"column":7}},{"start":{"line":49,"column":13},"end":{"line":56,"column":7}}],"line":43},"5":{"loc":{"start":{"line":43,"column":10},"end":{"line":43,"column":30}},"type":"binary-expr","locations":[{"start":{"line":43,"column":10},"end":{"line":43,"column":16}},{"start":{"line":43,"column":20},"end":{"line":43,"column":30}}],"line":43},"6":{"loc":{"start":{"line":45,"column":14},"end":{"line":45,"column":29}},"type":"binary-expr","locations":[{"start":{"line":45,"column":14},"end":{"line":45,"column":23}},{"start":{"line":45,"column":27},"end":{"line":45,"column":29}}],"line":45},"7":{"loc":{"start":{"line":48,"column":8},"end":{"line":48,"column":31}},"type":"if","locations":[{"start":{"line":48,"column":8},"end":{"line":48,"column":31}},{"start":{},"end":{}}],"line":48},"8":{"loc":{"start":{"line":49,"column":13},"end":{"line":56,"column":7}},"type":"if","locations":[{"start":{"line":49,"column":13},"end":{"line":56,"column":7}},{"start":{"line":53,"column":13},"end":{"line":56,"column":7}}],"line":49},"9":{"loc":{"start":{"line":49,"column":17},"end":{"line":49,"column":58}},"type":"binary-expr","locations":[{"start":{"line":49,"column":17},"end":{"line":49,"column":28}},{"start":{"line":49,"column":32},"end":{"line":49,"column":58}}],"line":49},"10":{"loc":{"start":{"line":51,"column":42},"end":{"line":51,"column":64}},"type":"binary-expr","locations":[{"start":{"line":51,"column":42},"end":{"line":51,"column":49}},{"start":{"line":51,"column":53},"end":{"line":51,"column":64}}],"line":51},"11":{"loc":{"start":{"line":52,"column":19},"end":{"line":52,"column":49}},"type":"binary-expr","locations":[{"start":{"line":52,"column":19},"end":{"line":52,"column":31}},{"start":{"line":52,"column":35},"end":{"line":52,"column":49}}],"line":52},"12":{"loc":{"start":{"line":54,"column":19},"end":{"line":54,"column":49}},"type":"binary-expr","locations":[{"start":{"line":54,"column":19},"end":{"line":54,"column":31}},{"start":{"line":54,"column":35},"end":{"line":54,"column":49}}],"line":54},"13":{"loc":{"start":{"line":55,"column":15},"end":{"line":55,"column":45}},"type":"binary-expr","locations":[{"start":{"line":55,"column":15},"end":{"line":55,"column":27}},{"start":{"line":55,"column":31},"end":{"line":55,"column":45}}],"line":55},"14":{"loc":{"start":{"line":67,"column":33},"end":{"line":67,"column":89}},"type":"binary-expr","locations":[{"start":{"line":67,"column":33},"end":{"line":67,"column":62}},{"start":{"line":67,"column":66},"end":{"line":67,"column":89}}],"line":67},"15":{"loc":{"start":{"line":74,"column":6},"end":{"line":83,"column":7}},"type":"if","locations":[{"start":{"line":74,"column":6},"end":{"line":83,"column":7}},{"start":{"line":80,"column":13},"end":{"line":83,"column":7}}],"line":74},"16":{"loc":{"start":{"line":74,"column":10},"end":{"line":74,"column":30}},"type":"binary-expr","locations":[{"start":{"line":74,"column":10},"end":{"line":74,"column":16}},{"start":{"line":74,"column":20},"end":{"line":74,"column":30}}],"line":74},"17":{"loc":{"start":{"line":76,"column":14},"end":{"line":76,"column":29}},"type":"binary-expr","locations":[{"start":{"line":76,"column":14},"end":{"line":76,"column":23}},{"start":{"line":76,"column":27},"end":{"line":76,"column":29}}],"line":76},"18":{"loc":{"start":{"line":79,"column":8},"end":{"line":79,"column":31}},"type":"if","locations":[{"start":{"line":79,"column":8},"end":{"line":79,"column":31}},{"start":{},"end":{}}],"line":79},"19":{"loc":{"start":{"line":81,"column":19},"end":{"line":81,"column":56}},"type":"binary-expr","locations":[{"start":{"line":81,"column":19},"end":{"line":81,"column":31}},{"start":{"line":81,"column":35},"end":{"line":81,"column":56}}],"line":81},"20":{"loc":{"start":{"line":82,"column":15},"end":{"line":82,"column":52}},"type":"binary-expr","locations":[{"start":{"line":82,"column":15},"end":{"line":82,"column":27}},{"start":{"line":82,"column":31},"end":{"line":82,"column":52}}],"line":82},"21":{"loc":{"start":{"line":96,"column":19},"end":{"line":96,"column":75}},"type":"binary-expr","locations":[{"start":{"line":96,"column":19},"end":{"line":96,"column":48}},{"start":{"line":96,"column":52},"end":{"line":96,"column":75}}],"line":96},"22":{"loc":{"start":{"line":102,"column":4},"end":{"line":105,"column":5}},"type":"if","locations":[{"start":{"line":102,"column":4},"end":{"line":105,"column":5}},{"start":{},"end":{}}],"line":102},"23":{"loc":{"start":{"line":108,"column":6},"end":{"line":108,"column":51}},"type":"if","locations":[{"start":{"line":108,"column":6},"end":{"line":108,"column":51}},{"start":{},"end":{}}],"line":108},"24":{"loc":{"start":{"line":108,"column":10},"end":{"line":108,"column":42}},"type":"binary-expr","locations":[{"start":{"line":108,"column":10},"end":{"line":108,"column":21}},{"start":{"line":108,"column":25},"end":{"line":108,"column":42}}],"line":108},"25":{"loc":{"start":{"line":110,"column":12},"end":{"line":110,"column":33}},"type":"binary-expr","locations":[{"start":{"line":110,"column":12},"end":{"line":110,"column":27}},{"start":{"line":110,"column":31},"end":{"line":110,"column":33}}],"line":110},"26":{"loc":{"start":{"line":113,"column":6},"end":{"line":113,"column":29}},"type":"if","locations":[{"start":{"line":113,"column":6},"end":{"line":113,"column":29}},{"start":{},"end":{}}],"line":113},"27":{"loc":{"start":{"line":134,"column":46},"end":{"line":134,"column":79}},"type":"cond-expr","locations":[{"start":{"line":134,"column":61},"end":{"line":134,"column":74}},{"start":{"line":134,"column":77},"end":{"line":134,"column":79}}],"line":134},"28":{"loc":{"start":{"line":143,"column":9},"end":{"line":143,"column":98}},"type":"binary-expr","locations":[{"start":{"line":143,"column":9},"end":{"line":143,"column":21}},{"start":{"line":143,"column":25},"end":{"line":143,"column":98}}],"line":143},"29":{"loc":{"start":{"line":148,"column":16},"end":{"line":148,"column":50}},"type":"cond-expr","locations":[{"start":{"line":148,"column":31},"end":{"line":148,"column":37}},{"start":{"line":148,"column":40},"end":{"line":148,"column":50}}],"line":148},"30":{"loc":{"start":{"line":149,"column":46},"end":{"line":149,"column":82}},"type":"cond-expr","locations":[{"start":{"line":149,"column":64},"end":{"line":149,"column":77}},{"start":{"line":149,"column":80},"end":{"line":149,"column":82}}],"line":149},"31":{"loc":{"start":{"line":158,"column":72},"end":{"line":158,"column":120}},"type":"cond-expr","locations":[{"start":{"line":158,"column":87},"end":{"line":158,"column":102}},{"start":{"line":158,"column":105},"end":{"line":158,"column":120}}],"line":158},"32":{"loc":{"start":{"line":159,"column":11},"end":{"line":159,"column":41}},"type":"cond-expr","locations":[{"start":{"line":159,"column":26},"end":{"line":159,"column":32}},{"start":{"line":159,"column":35},"end":{"line":159,"column":41}}],"line":159},"33":{"loc":{"start":{"line":161,"column":9},"end":{"line":161,"column":104}},"type":"binary-expr","locations":[{"start":{"line":161,"column":9},"end":{"line":161,"column":24}},{"start":{"line":161,"column":28},"end":{"line":161,"column":104}}],"line":161},"34":{"loc":{"start":{"line":168,"column":169},"end":{"line":168,"column":204}},"type":"cond-expr","locations":[{"start":{"line":168,"column":179},"end":{"line":168,"column":194}},{"start":{"line":168,"column":197},"end":{"line":168,"column":204}}],"line":168},"35":{"loc":{"start":{"line":183,"column":7},"end":{"line":183,"column":91}},"type":"binary-expr","locations":[{"start":{"line":183,"column":7},"end":{"line":183,"column":14}},{"start":{"line":183,"column":18},"end":{"line":183,"column":91}}],"line":183}},"s":{"0":4,"1":4,"2":4,"3":4,"4":4,"5":4,"6":2,"7":2,"8":0,"9":2,"10":0,"11":0,"12":0,"13":0,"14":0,"15":0,"16":2,"17":0,"18":0,"19":0,"20":0,"21":0,"22":0,"23":0,"24":0,"25":0,"26":0,"27":0,"28":0,"29":0,"30":0,"31":0,"32":0,"33":0,"34":0,"35":0,"36":0,"37":0,"38":0,"39":0,"40":0,"41":0,"42":0,"43":0,"44":2,"45":0,"46":0,"47":0,"48":0,"49":0,"50":0,"51":0,"52":0,"53":0,"54":0,"55":0,"56":0,"57":0,"58":0,"59":0,"60":0,"61":0,"62":2,"63":0,"64":2,"65":0,"66":0,"67":0,"68":0,"69":0,"70":0,"71":0,"72":0,"73":0,"74":0,"75":0,"76":0,"77":0,"78":0,"79":0,"80":0,"81":0,"82":0,"83":0,"84":0,"85":0,"86":0,"87":2,"88":0,"89":2,"90":0,"91":2,"92":0,"93":0},"f":{"0":4,"1":0,"2":0,"3":0,"4":0,"5":0,"6":0,"7":0,"8":0,"9":0,"10":0,"11":0,"12":0},"b":{"0":[0,0],"1":[0,0],"2":[0,0],"3":[0,0],"4":[0,0],"5":[0,0],"6":[0,0],"7":[0,0],"8":[0,0],"9":[0,0],"10":[0,0],"11":[0,0],"12":[0,0],"13":[0,0],"14":[0,0],"15":[0,0],"16":[0,0],"17":[0,0],"18":[0,0],"19":[0,0],"20":[0,0],"21":[0,0],"22":[0,0],"23":[0,0],"24":[0,0],"25":[0,0],"26":[0,0],"27":[0,2],"28":[2,0],"29":[0,2],"30":[0,2],"31":[0,2],"32":[0,2],"33":[2,0],"34":[0,2],"35":[2,0]},"_coverageSchema":"1a1c01bbd47fc00a2c39e90264f33305004495a9","hash":"c8e56e61902de2f36f9bf4a60459a4fffd8357d9"}
,"C:\\Users\\Bitrus.ed\\Desktop\\movie-recommendation-app\\frontend\\src\\MovieCacheContext.js": {"path":"C:\\Users\\Bitrus.ed\\Desktop\\movie-recommendation-app\\frontend\\src\\MovieCacheContext.js","statementMap":{"0":{"start":{"line":3,"column":33},"end":{"line":3,"column":48}},"1":{"start":{"line":6,"column":38},"end":{"line":6,"column":50}},"2":{"start":{"line":8,"column":21},"end":{"line":10,"column":3}},"3":{"start":{"line":9,"column":4},"end":{"line":9,"column":53}},"4":{"start":{"line":9,"column":27},"end":{"line":9,"column":50}},"5":{"start":{"line":12,"column":2},"end":{"line":16,"column":4}}},"fnMap":{"0":{"name":"MovieCacheProvider","decl":{"start":{"line":5,"column":16},"end":{"line":5,"column":34}},"loc":{"start":{"line":5,"column":49},"end":{"line":17,"column":1}},"line":5},"1":{"name":"(anonymous_1)","decl":{"start":{"line":8,"column":21},"end":{"line":8,"column":22}},"loc":{"start":{"line":8,"column":35},"end":{"line":10,"column":3}},"line":8},"2":{"name":"(anonymous_2)","decl":{"start":{"line":9,"column":18},"end":{"line":9,"column":19}},"loc":{"start":{"line":9,"column":27},"end":{"line":9,"column":50}},"line":9}},"branchMap":{},"s":{"0":0,"1":0,"2":0,"3":0,"4":0,"5":0},"f":{"0":0,"1":0,"2":0},"b":{}}
,"C:\\Users\\Bitrus.ed\\Desktop\\movie-recommendation-app\\frontend\\src\\MovieDetails.js": {"path":"C:\\Users\\Bitrus.ed\\Desktop\\movie-recommendation-app\\frontend\\src\\MovieDetails.js","statementMap":{"0":{"start":{"line":7,"column":16},"end":{"line":7,"column":109}},"1":{"start":{"line":10,"column":30},"end":{"line":10,"column":59}},"2":{"start":{"line":11,"column":28},"end":{"line":11,"column":42}},"3":{"start":{"line":12,"column":38},"end":{"line":12,"column":53}},"4":{"start":{"line":13,"column":40},"end":{"line":13,"column":55}},"5":{"start":{"line":14,"column":32},"end":{"line":14,"column":44}},"6":{"start":{"line":15,"column":38},"end":{"line":15,"column":50}},"7":{"start":{"line":16,"column":42},"end":{"line":16,"column":53}},"8":{"start":{"line":17,"column":32},"end":{"line":17,"column":47}},"9":{"start":{"line":19,"column":2},"end":{"line":26,"column":16}},"10":{"start":{"line":20,"column":4},"end":{"line":22,"column":22}},"11":{"start":{"line":21,"column":19},"end":{"line":21,"column":29}},"12":{"start":{"line":24,"column":4},"end":{"line":24,"column":61}},"13":{"start":{"line":28,"column":25},"end":{"line":42,"column":3}},"14":{"start":{"line":29,"column":4},"end":{"line":29,"column":33}},"15":{"start":{"line":29,"column":26},"end":{"line":29,"column":33}},"16":{"start":{"line":30,"column":4},"end":{"line":30,"column":21}},"17":{"start":{"line":31,"column":4},"end":{"line":41,"column":5}},"18":{"start":{"line":32,"column":6},"end":{"line":38,"column":7}},"19":{"start":{"line":33,"column":8},"end":{"line":33,"column":38}},"20":{"start":{"line":34,"column":8},"end":{"line":34,"column":29}},"21":{"start":{"line":36,"column":8},"end":{"line":36,"column":90}},"22":{"start":{"line":37,"column":8},"end":{"line":37,"column":28}},"23":{"start":{"line":40,"column":6},"end":{"line":40,"column":24}},"24":{"start":{"line":43,"column":31},"end":{"line":52,"column":3}},"25":{"start":{"line":44,"column":4},"end":{"line":44,"column":33}},"26":{"start":{"line":44,"column":26},"end":{"line":44,"column":33}},"27":{"start":{"line":45,"column":4},"end":{"line":45,"column":21}},"28":{"start":{"line":46,"column":4},"end":{"line":51,"column":5}},"29":{"start":{"line":47,"column":6},"end":{"line":47,"column":107}},"30":{"start":{"line":48,"column":6},"end":{"line":48,"column":27}},"31":{"start":{"line":50,"column":6},"end":{"line":50,"column":24}},"32":{"start":{"line":53,"column":29},"end":{"line":65,"column":3}},"33":{"start":{"line":54,"column":4},"end":{"line":54,"column":23}},"34":{"start":{"line":55,"column":4},"end":{"line":55,"column":33}},"35":{"start":{"line":55,"column":26},"end":{"line":55,"column":33}},"36":{"start":{"line":56,"column":4},"end":{"line":56,"column":21}},"37":{"start":{"line":57,"column":4},"end":{"line":64,"column":5}},"38":{"start":{"line":58,"column":6},"end":{"line":58,"column":78}},"39":{"start":{"line":59,"column":6},"end":{"line":59,"column":24}},"40":{"start":{"line":60,"column":6},"end":{"line":60,"column":25}},"41":{"start":{"line":61,"column":6},"end":{"line":61,"column":48}},"42":{"start":{"line":63,"column":6},"end":{"line":63,"column":24}},"43":{"start":{"line":68,"column":18},"end":{"line":68,"column":97}},"44":{"start":{"line":68,"column":52},"end":{"line":68,"column":96}},"45":{"start":{"line":69,"column":19},"end":{"line":69,"column":39}},"46":{"start":{"line":71,"column":2},"end":{"line":71,"column":92}},"47":{"start":{"line":71,"column":14},"end":{"line":71,"column":92}},"48":{"start":{"line":73,"column":2},"end":{"line":169,"column":4}},"49":{"start":{"line":91,"column":61},"end":{"line":91,"column":67}},"50":{"start":{"line":118,"column":81},"end":{"line":118,"column":120}},"51":{"start":{"line":128,"column":105},"end":{"line":128,"column":144}},"52":{"start":{"line":132,"column":70},"end":{"line":132,"column":99}},"53":{"start":{"line":138,"column":12},"end":{"line":142,"column":18}}},"fnMap":{"0":{"name":"MovieDetails","decl":{"start":{"line":9,"column":9},"end":{"line":9,"column":21}},"loc":{"start":{"line":9,"column":43},"end":{"line":170,"column":1}},"line":9},"1":{"name":"(anonymous_1)","decl":{"start":{"line":19,"column":12},"end":{"line":19,"column":13}},"loc":{"start":{"line":19,"column":18},"end":{"line":26,"column":3}},"line":19},"2":{"name":"(anonymous_2)","decl":{"start":{"line":21,"column":12},"end":{"line":21,"column":13}},"loc":{"start":{"line":21,"column":19},"end":{"line":21,"column":29}},"line":21},"3":{"name":"(anonymous_3)","decl":{"start":{"line":24,"column":51},"end":{"line":24,"column":52}},"loc":{"start":{"line":24,"column":57},"end":{"line":24,"column":59}},"line":24},"4":{"name":"(anonymous_4)","decl":{"start":{"line":28,"column":25},"end":{"line":28,"column":26}},"loc":{"start":{"line":28,"column":37},"end":{"line":42,"column":3}},"line":28},"5":{"name":"(anonymous_5)","decl":{"start":{"line":43,"column":31},"end":{"line":43,"column":32}},"loc":{"start":{"line":43,"column":43},"end":{"line":52,"column":3}},"line":43},"6":{"name":"(anonymous_6)","decl":{"start":{"line":53,"column":29},"end":{"line":53,"column":30}},"loc":{"start":{"line":53,"column":42},"end":{"line":65,"column":3}},"line":53},"7":{"name":"(anonymous_7)","decl":{"start":{"line":68,"column":47},"end":{"line":68,"column":48}},"loc":{"start":{"line":68,"column":52},"end":{"line":68,"column":96}},"line":68},"8":{"name":"(anonymous_8)","decl":{"start":{"line":91,"column":56},"end":{"line":91,"column":57}},"loc":{"start":{"line":91,"column":61},"end":{"line":91,"column":67}},"line":91},"9":{"name":"(anonymous_9)","decl":{"start":{"line":118,"column":74},"end":{"line":118,"column":75}},"loc":{"start":{"line":118,"column":80},"end":{"line":118,"column":121}},"line":118},"10":{"name":"(anonymous_10)","decl":{"start":{"line":128,"column":100},"end":{"line":128,"column":101}},"loc":{"start":{"line":128,"column":105},"end":{"line":128,"column":144}},"line":128},"11":{"name":"(anonymous_11)","decl":{"start":{"line":132,"column":65},"end":{"line":132,"column":66}},"loc":{"start":{"line":132,"column":70},"end":{"line":132,"column":99}},"line":132},"12":{"name":"(anonymous_12)","decl":{"start":{"line":137,"column":98},"end":{"line":137,"column":99}},"loc":{"start":{"line":138,"column":12},"end":{"line":142,"column":18}},"line":138}},"branchMap":{"0":{"loc":{"start":{"line":7,"column":16},"end":{"line":7,"column":109}},"type":"binary-expr","locations":[{"start":{"line":7,"column":16},"end":{"line":7,"column":45}},{"start":{"line":7,"column":49},"end":{"line":7,"column":109}}],"line":7},"1":{"loc":{"start":{"line":29,"column":4},"end":{"line":29,"column":33}},"type":"if","locations":[{"start":{"line":29,"column":4},"end":{"line":29,"column":33}},{"start":{},"end":{}}],"line":29},"2":{"loc":{"start":{"line":32,"column":6},"end":{"line":38,"column":7}},"type":"if","locations":[{"start":{"line":32,"column":6},"end":{"line":38,"column":7}},{"start":{"line":35,"column":13},"end":{"line":38,"column":7}}],"line":32},"3":{"loc":{"start":{"line":44,"column":4},"end":{"line":44,"column":33}},"type":"if","locations":[{"start":{"line":44,"column":4},"end":{"line":44,"column":33}},{"start":{},"end":{}}],"line":44},"4":{"loc":{"start":{"line":55,"column":4},"end":{"line":55,"column":33}},"type":"if","locations":[{"start":{"line":55,"column":4},"end":{"line":55,"column":33}},{"start":{},"end":{}}],"line":55},"5":{"loc":{"start":{"line":68,"column":52},"end":{"line":68,"column":96}},"type":"binary-expr","locations":[{"start":{"line":68,"column":52},"end":{"line":68,"column":72}},{"start":{"line":68,"column":76},"end":{"line":68,"column":96}}],"line":68},"6":{"loc":{"start":{"line":71,"column":2},"end":{"line":71,"column":92}},"type":"if","locations":[{"start":{"line":71,"column":2},"end":{"line":71,"column":92}},{"start":{},"end":{}}],"line":71},"7":{"loc":{"start":{"line":77,"column":11},"end":{"line":81,"column":11}},"type":"cond-expr","locations":[{"start":{"line":78,"column":12},"end":{"line":78,"column":136}},{"start":{"line":80,"column":12},"end":{"line":80,"column":173}}],"line":77},"8":{"loc":{"start":{"line":91,"column":38},"end":{"line":91,"column":88}},"type":"binary-expr","locations":[{"start":{"line":91,"column":38},"end":{"line":91,"column":79}},{"start":{"line":91,"column":83},"end":{"line":91,"column":88}}],"line":91},"9":{"loc":{"start":{"line":93,"column":11},"end":{"line":95,"column":11}},"type":"binary-expr","locations":[{"start":{"line":93,"column":11},"end":{"line":93,"column":25}},{"start":{"line":94,"column":12},"end":{"line":94,"column":142}}],"line":93},"10":{"loc":{"start":{"line":97,"column":38},"end":{"line":97,"column":86}},"type":"cond-expr","locations":[{"start":{"line":97,"column":51},"end":{"line":97,"column":63}},{"start":{"line":97,"column":66},"end":{"line":97,"column":86}}],"line":97},"11":{"loc":{"start":{"line":97,"column":191},"end":{"line":97,"column":242}},"type":"cond-expr","locations":[{"start":{"line":97,"column":204},"end":{"line":97,"column":221}},{"start":{"line":97,"column":224},"end":{"line":97,"column":242}}],"line":97},"12":{"loc":{"start":{"line":98,"column":38},"end":{"line":98,"column":89}},"type":"cond-expr","locations":[{"start":{"line":98,"column":52},"end":{"line":98,"column":65}},{"start":{"line":98,"column":68},"end":{"line":98,"column":89}}],"line":98},"13":{"loc":{"start":{"line":98,"column":201},"end":{"line":98,"column":250}},"type":"cond-expr","locations":[{"start":{"line":98,"column":215},"end":{"line":98,"column":229}},{"start":{"line":98,"column":232},"end":{"line":98,"column":250}}],"line":98},"14":{"loc":{"start":{"line":100,"column":11},"end":{"line":112,"column":11}},"type":"binary-expr","locations":[{"start":{"line":100,"column":11},"end":{"line":100,"column":18}},{"start":{"line":101,"column":12},"end":{"line":111,"column":18}}],"line":100},"15":{"loc":{"start":{"line":134,"column":80},"end":{"line":134,"column":118}},"type":"cond-expr","locations":[{"start":{"line":134,"column":90},"end":{"line":134,"column":102}},{"start":{"line":134,"column":105},"end":{"line":134,"column":118}}],"line":134},"16":{"loc":{"start":{"line":137,"column":11},"end":{"line":143,"column":12}},"type":"cond-expr","locations":[{"start":{"line":137,"column":34},"end":{"line":137,"column":83}},{"start":{"line":137,"column":86},"end":{"line":143,"column":12}}],"line":137},"17":{"loc":{"start":{"line":139,"column":40},"end":{"line":139,"column":66}},"type":"binary-expr","locations":[{"start":{"line":139,"column":40},"end":{"line":139,"column":56}},{"start":{"line":139,"column":60},"end":{"line":139,"column":66}}],"line":139}},"s":{"0":0,"1":0,"2":0,"3":0,"4":0,"5":0,"6":0,"7":0,"8":0,"9":0,"10":0,"11":0,"12":0,"13":0,"14":0,"15":0,"16":0,"17":0,"18":0,"19":0,"20":0,"21":0,"22":0,"23":0,"24":0,"25":0,"26":0,"27":0,"28":0,"29":0,"30":0,"31":0,"32":0,"33":0,"34":0,"35":0,"36":0,"37":0,"38":0,"39":0,"40":0,"41":0,"42":0,"43":0,"44":0,"45":0,"46":0,"47":0,"48":0,"49":0,"50":0,"51":0,"52":0,"53":0},"f":{"0":0,"1":0,"2":0,"3":0,"4":0,"5":0,"6":0,"7":0,"8":0,"9":0,"10":0,"11":0,"12":0},"b":{"0":[0,0],"1":[0,0],"2":[0,0],"3":[0,0],"4":[0,0],"5":[0,0],"6":[0,0],"7":[0,0],"8":[0,0],"9":[0,0],"10":[0,0],"11":[0,0],"12":[0,0],"13":[0,0],"14":[0,0],"15":[0,0],"16":[0,0],"17":[0,0]}}
,"C:\\Users\\Bitrus.ed\\Desktop\\movie-recommendation-app\\frontend\\src\\MovieList.js": {"path":"C:\\Users\\Bitrus.ed\\Desktop\\movie-recommendation-app\\frontend\\src\\MovieList.js","statementMap":{"0":{"start":{"line":5,"column":16},"end":{"line":5,"column":109}},"1":{"start":{"line":8,"column":30},"end":{"line":8,"column":42}},"2":{"start":{"line":9,"column":30},"end":{"line":9,"column":42}},"3":{"start":{"line":10,"column":26},"end":{"line":10,"column":38}},"4":{"start":{"line":11,"column":30},"end":{"line":11,"column":57}},"5":{"start":{"line":12,"column":46},"end":{"line":12,"column":58}},"6":{"start":{"line":13,"column":46},"end":{"line":13,"column":58}},"7":{"start":{"line":14,"column":44},"end":{"line":14,"column":58}},"8":{"start":{"line":15,"column":32},"end":{"line":15,"column":46}},"9":{"start":{"line":16,"column":28},"end":{"line":16,"column":40}},"10":{"start":{"line":18,"column":22},"end":{"line":30,"column":3}},"11":{"start":{"line":19,"column":4},"end":{"line":19,"column":21}},"12":{"start":{"line":20,"column":4},"end":{"line":20,"column":17}},"13":{"start":{"line":21,"column":4},"end":{"line":29,"column":9}},"14":{"start":{"line":23,"column":8},"end":{"line":23,"column":38}},"15":{"start":{"line":24,"column":8},"end":{"line":24,"column":26}},"16":{"start":{"line":27,"column":8},"end":{"line":27,"column":22}},"17":{"start":{"line":28,"column":8},"end":{"line":28,"column":26}},"18":{"start":{"line":32,"column":2},"end":{"line":35,"column":9}},"19":{"start":{"line":33,"column":4},"end":{"line":33,"column":18}},"20":{"start":{"line":37,"column":23},"end":{"line":40,"column":3}},"21":{"start":{"line":38,"column":4},"end":{"line":38,"column":23}},"22":{"start":{"line":39,"column":4},"end":{"line":39,"column":18}},"23":{"start":{"line":42,"column":2},"end":{"line":44,"column":3}},"24":{"start":{"line":43,"column":4},"end":{"line":43,"column":90}},"25":{"start":{"line":43,"column":63},"end":{"line":43,"column":85}},"26":{"start":{"line":46,"column":2},"end":{"line":152,"column":4}},"27":{"start":{"line":53,"column":102},"end":{"line":53,"column":127}},"28":{"start":{"line":56,"column":89},"end":{"line":56,"column":112}},"29":{"start":{"line":59,"column":105},"end":{"line":59,"column":138}},"30":{"start":{"line":62,"column":105},"end":{"line":62,"column":138}},"31":{"start":{"line":65,"column":72},"end":{"line":65,"column":97}},"32":{"start":{"line":77,"column":10},"end":{"line":113,"column":16}},"33":{"start":{"line":94,"column":29},"end":{"line":94,"column":52}}},"fnMap":{"0":{"name":"MovieList","decl":{"start":{"line":7,"column":9},"end":{"line":7,"column":18}},"loc":{"start":{"line":7,"column":21},"end":{"line":153,"column":1}},"line":7},"1":{"name":"(anonymous_1)","decl":{"start":{"line":18,"column":22},"end":{"line":18,"column":23}},"loc":{"start":{"line":18,"column":34},"end":{"line":30,"column":3}},"line":18},"2":{"name":"(anonymous_2)","decl":{"start":{"line":22,"column":12},"end":{"line":22,"column":13}},"loc":{"start":{"line":22,"column":20},"end":{"line":25,"column":7}},"line":22},"3":{"name":"(anonymous_3)","decl":{"start":{"line":26,"column":13},"end":{"line":26,"column":14}},"loc":{"start":{"line":26,"column":20},"end":{"line":29,"column":7}},"line":26},"4":{"name":"(anonymous_4)","decl":{"start":{"line":32,"column":12},"end":{"line":32,"column":13}},"loc":{"start":{"line":32,"column":18},"end":{"line":35,"column":3}},"line":32},"5":{"name":"(anonymous_5)","decl":{"start":{"line":37,"column":23},"end":{"line":37,"column":24}},"loc":{"start":{"line":37,"column":28},"end":{"line":40,"column":3}},"line":37},"6":{"name":"(anonymous_6)","decl":{"start":{"line":43,"column":57},"end":{"line":43,"column":58}},"loc":{"start":{"line":43,"column":63},"end":{"line":43,"column":85}},"line":43},"7":{"name":"(anonymous_7)","decl":{"start":{"line":53,"column":97},"end":{"line":53,"column":98}},"loc":{"start":{"line":53,"column":102},"end":{"line":53,"column":127}},"line":53},"8":{"name":"(anonymous_8)","decl":{"start":{"line":56,"column":84},"end":{"line":56,"column":85}},"loc":{"start":{"line":56,"column":89},"end":{"line":56,"column":112}},"line":56},"9":{"name":"(anonymous_9)","decl":{"start":{"line":59,"column":100},"end":{"line":59,"column":101}},"loc":{"start":{"line":59,"column":105},"end":{"line":59,"column":138}},"line":59},"10":{"name":"(anonymous_10)","decl":{"start":{"line":62,"column":100},"end":{"line":62,"column":101}},"loc":{"start":{"line":62,"column":105},"end":{"line":62,"column":138}},"line":62},"11":{"name":"(anonymous_11)","decl":{"start":{"line":65,"column":67},"end":{"line":65,"column":68}},"loc":{"start":{"line":65,"column":72},"end":{"line":65,"column":97}},"line":65},"12":{"name":"(anonymous_12)","decl":{"start":{"line":76,"column":20},"end":{"line":76,"column":21}},"loc":{"start":{"line":77,"column":10},"end":{"line":113,"column":16}},"line":77},"13":{"name":"(anonymous_13)","decl":{"start":{"line":94,"column":23},"end":{"line":94,"column":24}},"loc":{"start":{"line":94,"column":29},"end":{"line":94,"column":52}},"line":94}},"branchMap":{"0":{"loc":{"start":{"line":5,"column":16},"end":{"line":5,"column":109}},"type":"binary-expr","locations":[{"start":{"line":5,"column":16},"end":{"line":5,"column":45}},{"start":{"line":5,"column":49},"end":{"line":5,"column":109}}],"line":5},"1":{"loc":{"start":{"line":23,"column":18},"end":{"line":23,"column":36}},"type":"binary-expr","locations":[{"start":{"line":23,"column":18},"end":{"line":23,"column":30}},{"start":{"line":23,"column":34},"end":{"line":23,"column":36}}],"line":23},"2":{"loc":{"start":{"line":42,"column":2},"end":{"line":44,"column":3}},"type":"if","locations":[{"start":{"line":42,"column":2},"end":{"line":44,"column":3}},{"start":{},"end":{}}],"line":42},"3":{"loc":{"start":{"line":48,"column":7},"end":{"line":48,"column":174}},"type":"binary-expr","locations":[{"start":{"line":48,"column":7},"end":{"line":48,"column":14}},{"start":{"line":48,"column":18},"end":{"line":48,"column":174}}],"line":48},"4":{"loc":{"start":{"line":49,"column":7},"end":{"line":49,"column":68}},"type":"binary-expr","locations":[{"start":{"line":49,"column":7},"end":{"line":49,"column":12}},{"start":{"line":49,"column":16},"end":{"line":49,"column":68}}],"line":49},"5":{"loc":{"start":{"line":96,"column":15},"end":{"line":105,"column":15}},"type":"cond-expr","locations":[{"start":{"line":97,"column":16},"end":{"line":102,"column":18}},{"start":{"line":104,"column":16},"end":{"line":104,"column":159}}],"line":96}},"s":{"0":0,"1":0,"2":0,"3":0,"4":0,"5":0,"6":0,"7":0,"8":0,"9":0,"10":0,"11":0,"12":0,"13":0,"14":0,"15":0,"16":0,"17":0,"18":0,"19":0,"20":0,"21":0,"22":0,"23":0,"24":0,"25":0,"26":0,"27":0,"28":0,"29":0,"30":0,"31":0,"32":0,"33":0},"f":{"0":0,"1":0,"2":0,"3":0,"4":0,"5":0,"6":0,"7":0,"8":0,"9":0,"10":0,"11":0,"12":0,"13":0},"b":{"0":[0,0],"1":[0,0],"2":[0,0],"3":[0,0],"4":[0,0],"5":[0,0]}}
,"C:\\Users\\Bitrus.ed\\Desktop\\movie-recommendation-app\\frontend\\src\\MovieSearch.js": {"path":"C:\\Users\\Bitrus.ed\\Desktop\\movie-recommendation-app\\frontend\\src\\MovieSearch.js","statementMap":{"0":{"start":{"line":5,"column":28},"end":{"line":5,"column":40}},"1":{"start":{"line":6,"column":26},"end":{"line":6,"column":38}},"2":{"start":{"line":7,"column":28},"end":{"line":7,"column":40}},"3":{"start":{"line":8,"column":32},"end":{"line":8,"column":44}},"4":{"start":{"line":9,"column":32},"end":{"line":9,"column":44}},"5":{"start":{"line":10,"column":32},"end":{"line":10,"column":47}},"6":{"start":{"line":11,"column":22},"end":{"line":11,"column":30}},"7":{"start":{"line":13,"column":2},"end":{"line":24,"column":27}},"8":{"start":{"line":14,"column":4},"end":{"line":18,"column":5}},"9":{"start":{"line":15,"column":6},"end":{"line":15,"column":21}},"10":{"start":{"line":16,"column":6},"end":{"line":16,"column":21}},"11":{"start":{"line":17,"column":6},"end":{"line":17,"column":13}},"12":{"start":{"line":19,"column":4},"end":{"line":19,"column":63}},"13":{"start":{"line":19,"column":29},"end":{"line":19,"column":63}},"14":{"start":{"line":20,"column":4},"end":{"line":22,"column":12}},"15":{"start":{"line":21,"column":6},"end":{"line":21,"column":21}},"16":{"start":{"line":26,"column":23},"end":{"line":38,"column":3}},"17":{"start":{"line":27,"column":4},"end":{"line":27,"column":19}},"18":{"start":{"line":28,"column":4},"end":{"line":28,"column":21}},"19":{"start":{"line":29,"column":4},"end":{"line":37,"column":5}},"20":{"start":{"line":30,"column":19},"end":{"line":30,"column":61}},"21":{"start":{"line":31,"column":6},"end":{"line":31,"column":37}},"22":{"start":{"line":32,"column":6},"end":{"line":32,"column":85}},"23":{"start":{"line":32,"column":54},"end":{"line":32,"column":85}},"24":{"start":{"line":34,"column":6},"end":{"line":34,"column":22}},"25":{"start":{"line":36,"column":6},"end":{"line":36,"column":24}},"26":{"start":{"line":40,"column":2},"end":{"line":147,"column":4}},"27":{"start":{"line":42,"column":88},"end":{"line":42,"column":107}},"28":{"start":{"line":42,"column":108},"end":{"line":42,"column":123}},"29":{"start":{"line":50,"column":29},"end":{"line":50,"column":53}},"30":{"start":{"line":63,"column":29},"end":{"line":63,"column":52}},"31":{"start":{"line":79,"column":29},"end":{"line":79,"column":53}},"32":{"start":{"line":95,"column":10},"end":{"line":112,"column":16}},"33":{"start":{"line":98,"column":29},"end":{"line":98,"column":52}}},"fnMap":{"0":{"name":"MovieSearch","decl":{"start":{"line":4,"column":9},"end":{"line":4,"column":20}},"loc":{"start":{"line":4,"column":43},"end":{"line":148,"column":1}},"line":4},"1":{"name":"(anonymous_1)","decl":{"start":{"line":13,"column":12},"end":{"line":13,"column":13}},"loc":{"start":{"line":13,"column":18},"end":{"line":24,"column":3}},"line":13},"2":{"name":"(anonymous_2)","decl":{"start":{"line":20,"column":37},"end":{"line":20,"column":38}},"loc":{"start":{"line":20,"column":43},"end":{"line":22,"column":5}},"line":20},"3":{"name":"(anonymous_3)","decl":{"start":{"line":26,"column":23},"end":{"line":26,"column":24}},"loc":{"start":{"line":26,"column":35},"end":{"line":38,"column":3}},"line":26},"4":{"name":"(anonymous_4)","decl":{"start":{"line":42,"column":81},"end":{"line":42,"column":82}},"loc":{"start":{"line":42,"column":86},"end":{"line":42,"column":125}},"line":42},"5":{"name":"(anonymous_5)","decl":{"start":{"line":50,"column":24},"end":{"line":50,"column":25}},"loc":{"start":{"line":50,"column":29},"end":{"line":50,"column":53}},"line":50},"6":{"name":"(anonymous_6)","decl":{"start":{"line":63,"column":24},"end":{"line":63,"column":25}},"loc":{"start":{"line":63,"column":29},"end":{"line":63,"column":52}},"line":63},"7":{"name":"(anonymous_7)","decl":{"start":{"line":79,"column":24},"end":{"line":79,"column":25}},"loc":{"start":{"line":79,"column":29},"end":{"line":79,"column":53}},"line":79},"8":{"name":"(anonymous_8)","decl":{"start":{"line":94,"column":21},"end":{"line":94,"column":22}},"loc":{"start":{"line":95,"column":10},"end":{"line":112,"column":16}},"line":95},"9":{"name":"(anonymous_9)","decl":{"start":{"line":98,"column":23},"end":{"line":98,"column":24}},"loc":{"start":{"line":98,"column":29},"end":{"line":98,"column":52}},"line":98}},"branchMap":{"0":{"loc":{"start":{"line":14,"column":4},"end":{"line":18,"column":5}},"type":"if","locations":[{"start":{"line":14,"column":4},"end":{"line":18,"column":5}},{"start":{},"end":{}}],"line":14},"1":{"loc":{"start":{"line":14,"column":8},"end":{"line":14,"column":58}},"type":"binary-expr","locations":[{"start":{"line":14,"column":8},"end":{"line":14,"column":27}},{"start":{"line":14,"column":31},"end":{"line":14,"column":42}},{"start":{"line":14,"column":46},"end":{"line":14,"column":58}}],"line":14},"2":{"loc":{"start":{"line":19,"column":4},"end":{"line":19,"column":63}},"type":"if","locations":[{"start":{"line":19,"column":4},"end":{"line":19,"column":63}},{"start":{},"end":{}}],"line":19},"3":{"loc":{"start":{"line":31,"column":17},"end":{"line
[...]
ndation-app\\frontend\\src\\Watchlists.js","statementMap":{"0":{"start":{"line":5,"column":38},"end":{"line":5,"column":50}},"1":{"start":{"line":6,"column":32},"end":{"line":6,"column":44}},"2":{"start":{"line":7,"column":32},"end":{"line":7,"column":46}},"3":{"start":{"line":8,"column":28},"end":{"line":8,"column":40}},"4":{"start":{"line":9,"column":32},"end":{"line":9,"column":44}},"5":{"start":{"line":11,"column":26},"end":{"line":21,"column":3}},"6":{"start":{"line":12,"column":4},"end":{"line":12,"column":21}},"7":{"start":{"line":13,"column":4},"end":{"line":13,"column":17}},"8":{"start":{"line":14,"column":4},"end":{"line":19,"column":5}},"9":{"start":{"line":15,"column":19},"end":{"line":15,"column":40}},"10":{"start":{"line":16,"column":6},"end":{"line":16,"column":26}},"11":{"start":{"line":18,"column":6},"end":{"line":18,"column":20}},"12":{"start":{"line":20,"column":4},"end":{"line":20,"column":22}},"13":{"start":{"line":23,"column":32},"end":{"line":35,"column":3}},"14":{"start":{"line":24,"column":4},"end":{"line":24,"column":23}},"15":{"start":{"line":25,"column":4},"end":{"line":25,"column":17}},"16":{"start":{"line":26,"column":4},"end":{"line":26,"column":19}},"17":{"start":{"line":27,"column":4},"end":{"line":34,"column":5}},"18":{"start":{"line":28,"column":19},"end":{"line":28,"column":62}},"19":{"start":{"line":29,"column":6},"end":{"line":29,"column":43}},"20":{"start":{"line":30,"column":6},"end":{"line":30,"column":21}},"21":{"start":{"line":31,"column":6},"end":{"line":31,"column":39}},"22":{"start":{"line":33,"column":6},"end":{"line":33,"column":20}},"23":{"start":{"line":37,"column":2},"end":{"line":40,"column":9}},"24":{"start":{"line":38,"column":4},"end":{"line":38,"column":22}},"25":{"start":{"line":42,"column":2},"end":{"line":42,"column":44}},"26":{"start":{"line":42,"column":15},"end":{"line":42,"column":44}},"27":{"start":{"line":43,"column":2},"end":{"line":43,"column":63}},"28":{"start":{"line":43,"column":13},"end":{"line":43,"column":63}},"29":{"start":{"line":44,"column":2},"end":{"line":44,"column":90}},"30":{"start":{"line":44,"column":26},"end":{"line":44,"column":90}},"31":{"start":{"line":46,"column":2},"end":{"line":57,"column":3}},"32":{"start":{"line":47,"column":4},"end":{"line":56,"column":6}},"33":{"start":{"line":50,"column":10},"end":{"line":52,"column":15}},"34":{"start":{"line":59,"column":2},"end":{"line":143,"column":4}},"35":{"start":{"line":69,"column":25},"end":{"line":69,"column":51}},"36":{"start":{"line":78,"column":10},"end":{"line":83,"column":16}}},"fnMap":{"0":{"name":"Watchlists","decl":{"start":{"line":4,"column":9},"end":{"line":4,"column":19}},"loc":{"start":{"line":4,"column":33},"end":{"line":144,"column":1}},"line":4},"1":{"name":"(anonymous_1)","decl":{"start":{"line":11,"column":26},"end":{"line":11,"column":27}},"loc":{"start":{"line":11,"column":38},"end":{"line":21,"column":3}},"line":11},"2":{"name":"(anonymous_2)","decl":{"start":{"line":23,"column":32},"end":{"line":23,"column":33}},"loc":{"start":{"line":23,"column":43},"end":{"line":35,"column":3}},"line":23},"3":{"name":"(anonymous_3)","decl":{"start":{"line":37,"column":12},"end":{"line":37,"column":13}},"loc":{"start":{"line":37,"column":18},"end":{"line":40,"column":3}},"line":37},"4":{"name":"(anonymous_4)","decl":{"start":{"line":49,"column":36},"end":{"line":49,"column":37}},"loc":{"start":{"line":50,"column":10},"end":{"line":52,"column":15}},"line":50},"5":{"name":"(anonymous_5)","decl":{"start":{"line":69,"column":20},"end":{"line":69,"column":21}},"loc":{"start":{"line":69,"column":25},"end":{"line":69,"column":51}},"line":69},"6":{"name":"(anonymous_6)","decl":{"start":{"line":77,"column":24},"end":{"line":77,"column":25}},"loc":{"start":{"line":78,"column":10},"end":{"line":83,"column":16}},"line":78}},"branchMap":{"0":{"loc":{"start":{"line":42,"column":2},"end":{"line":42,"column":44}},"type":"if","locations":[{"start":{"line":42,"column":2},"end":{"line":42,"column":44}},{"start":{},"end":{}}],"line":42},"1":{"loc":{"start":{"line":43,"column":2},"end":{"line":43,"column":63}},"type":"if","locations":[{"start":{"line":43,"column":2},"end":{"line":43,"column":63}},{"start":{},"end":{}}],"line":43},"2":{"loc":{"start":{"line":44,"column":2},"end":{"line":44,"column":90}},"type":"if","locations":[{"start":{"line":44,"column":2},"end":{"line":44,"column":90}},{"start":{},"end":{}}],"line":44},"3":{"loc":{"start":{"line":46,"column":2},"end":{"line":57,"column":3}},"type":"if","locations":[{"start":{"line":46,"column":2},"end":{"line":57,"column":3}},{"start":{},"end":{}}],"line":46},"4":{"loc":{"start":{"line":50,"column":19},"end":{"line":50,"column":36}},"type":"binary-expr","locations":[{"start":{"line":50,"column":19},"end":{"line":50,"column":25}},{"start":{"line":50,"column":29},"end":{"line":50,"column":36}}],"line":50},"5":{"loc":{"start":{"line":54,"column":9},"end":{"line":54,"column":153}},"type":"binary-expr","locations":[{"start":{"line":54,"column":9},"end":{"line":54,"column":30}},{"start":{"line":54,"column":34},"end":{"line":54,"column":153}}],"line":54},"6":{"loc":{"start":{"line":75,"column":7},"end":{"line":75,"column":82}},"type":"binary-expr","locations":[{"start":{"line":75,"column":7},"end":{"line":75,"column":14}},{"start":{"line":75,"column":18},"end":{"line":75,"column":82}}],"line":75},"7":{"loc":{"start":{"line":78,"column":47},"end":{"line":78,"column":64}},"type":"binary-expr","locations":[{"start":{"line":78,"column":47},"end":{"line":78,"column":53}},{"start":{"line":78,"column":57},"end":{"line":78,"column":64}}],"line":78}},"s":{"0":0,"1":0,"2":0,"3":0,"4":0,"5":0,"6":0,"7":0,"8":0,"9":0,"10":0,"11":0,"12":0,"13":0,"14":0,"15":0,"16":0,"17":0,"18":0,"19":0,"20":0,"21":0,"22":0,"23":0,"24":0,"25":0,"26":0,"27":0,"28":0,"29":0,"30":0,"31":0,"32":0,"33":0,"34":0,"35":0,"36":0},"f":{"0":0,"1":0,"2":0,"3":0,"4":0,"5":0,"6":0},"b":{"0":[0,0],"1":[0,0],"2":[0,0],"3":[0,0],"4":[0,0],"5":[0,0],"6":[0,0],"7":[0,0]}}
,"C:\\Users\\Bitrus.ed\\Desktop\\movie-recommendation-app\\frontend\\src\\api.js": {"path":"C:\\Users\\Bitrus.ed\\Desktop\\movie-recommendation-app\\frontend\\src\\api.js","statementMap":{"0":{"start":{"line":4,"column":12},"end":{"line":9,"column":2}},"1":{"start":{"line":12,"column":0},"end":{"line":18,"column":3}},"2":{"start":{"line":13,"column":16},"end":{"line":13,"column":45}},"3":{"start":{"line":14,"column":2},"end":{"line":16,"column":3}},"4":{"start":{"line":15,"column":4},"end":{"line":15,"column":56}},"5":{"start":{"line":17,"column":2},"end":{"line":17,"column":16}},"6":{"start":{"line":22,"column":2},"end":{"line":24,"column":3}},"7":{"start":{"line":23,"column":4},"end":{"line":23,"column":39}},"8":{"start":{"line":25,"column":2},"end":{"line":25,"column":42}},"9":{"start":{"line":25,"column":21},"end":{"line":25,"column":42}},"10":{"start":{"line":26,"column":2},"end":{"line":26,"column":30}},"11":{"start":{"line":30,"column":23},"end":{"line":30,"column":37}},"12":{"start":{"line":32,"column":2},"end":{"line":32,"column":64}},"13":{"start":{"line":32,"column":37},"end":{"line":32,"column":64}},"14":{"start":{"line":33,"column":2},"end":{"line":39,"column":3}},"15":{"start":{"line":34,"column":21},"end":{"line":34,"column":48}},"16":{"start":{"line":35,"column":4},"end":{"line":35,"column":31}},"17":{"start":{"line":36,"column":4},"end":{"line":36,"column":16}},"18":{"start":{"line":38,"column":4},"end":{"line":38,"column":32}},"19":{"start":{"line":42,"column":2},"end":{"line":48,"column":3}},"20":{"start":{"line":43,"column":21},"end":{"line":43,"column":56}},"21":{"start":{"line":44,"column":4},"end":{"line":44,"column":31}},"22":{"start":{"line":45,"column":4},"end":{"line":45,"column":16}},"23":{"start":{"line":47,"column":4},"end":{"line":47,"column":32}},"24":{"start":{"line":51,"column":2},"end":{"line":57,"column":3}},"25":{"start":{"line":52,"column":21},"end":{"line":52,"column":62}},"26":{"start":{"line":53,"column":4},"end":{"line":53,"column":31}},"27":{"start":{"line":54,"column":4},"end":{"line":54,"column":16}},"28":{"start":{"line":56,"column":4},"end":{"line":56,"column":32}},"29":{"start":{"line":61,"column":24},"end":{"line":61,"column":38}},"30":{"start":{"line":63,"column":2},"end":{"line":63,"column":66}},"31":{"start":{"line":63,"column":38},"end":{"line":63,"column":66}},"32":{"start":{"line":64,"column":2},"end":{"line":70,"column":3}},"33":{"start":{"line":65,"column":21},"end":{"line":65,"column":49}},"34":{"start":{"line":66,"column":4},"end":{"line":66,"column":32}},"35":{"start":{"line":67,"column":4},"end":{"line":67,"column":16}},"36":{"start":{"line":69,"column":4},"end":{"line":69,"column":32}},"37":{"start":{"line":73,"column":2},"end":{"line":79,"column":3}},"38":{"start":{"line":74,"column":21},"end":{"line":74,"column":61}},"39":{"start":{"line":75,"column":4},"end":{"line":75,"column":32}},"40":{"start":{"line":76,"column":4},"end":{"line":76,"column":16}},"41":{"start":{"line":78,"column":4},"end":{"line":78,"column":32}},"42":{"start":{"line":82,"column":2},"end":{"line":88,"column":3}},"43":{"start":{"line":83,"column":21},"end":{"line":83,"column":79}},"44":{"start":{"line":84,"column":4},"end":{"line":84,"column":32}},"45":{"start":{"line":85,"column":4},"end":{"line":85,"column":16}},"46":{"start":{"line":87,"column":4},"end":{"line":87,"column":32}},"47":{"start":{"line":91,"column":2},"end":{"line":97,"column":3}},"48":{"start":{"line":92,"column":21},"end":{"line":92,"column":85}},"49":{"start":{"line":93,"column":4},"end":{"line":93,"column":32}},"50":{"start":{"line":94,"column":4},"end":{"line":94,"column":16}},"51":{"start":{"line":96,"column":4},"end":{"line":96,"column":32}},"52":{"start":{"line":102,"column":2},"end":{"line":107,"column":3}},"53":{"start":{"line":103,"column":21},"end":{"line":103,"column":61}},"54":{"start":{"line":104,"column":4},"end":{"line":104,"column":16}},"55":{"start":{"line":106,"column":4},"end":{"line":106,"column":32}},"56":{"start":{"line":110,"column":2},"end":{"line":115,"column":3}},"57":{"start":{"line":111,"column":21},"end":{"line":111,"column":55}},"58":{"start":{"line":112,"column":4},"end":{"line":112,"column":16}},"59":{"start":{"line":114,"column":4},"end":{"line":114,"column":32}},"60":{"start":{"line":118,"column":2},"end":{"line":123,"column":3}},"61":{"start":{"line":119,"column":21},"end":{"line":119,"column":60}},"62":{"start":{"line":120,"column":4},"end":{"line":120,"column":16}},"63":{"start":{"line":122,"column":4},"end":{"line":122,"column":32}},"64":{"start":{"line":126,"column":2},"end":{"line":131,"column":3}},"65":{"start":{"line":127,"column":21},"end":{"line":127,"column":55}},"66":{"start":{"line":128,"column":4},"end":{"line":128,"column":16}},"67":{"start":{"line":130,"column":4},"end":{"line":130,"column":32}},"68":{"start":{"line":136,"column":2},"end":{"line":141,"column":3}},"69":{"start":{"line":137,"column":21},"end":{"line":137,"column":64}},"70":{"start":{"line":138,"column":4},"end":{"line":138,"column":16}},"71":{"start":{"line":140,"column":4},"end":{"line":140,"column":32}}},"fnMap":{"0":{"name":"(anonymous_0)","decl":{"start":{"line":12,"column":29},"end":{"line":12,"column":30}},"loc":{"start":{"line":12,"column":41},"end":{"line":18,"column":1}},"line":12},"1":{"name":"handleApiError","decl":{"start":{"line":21,"column":16},"end":{"line":21,"column":30}},"loc":{"start":{"line":21,"column":38},"end":{"line":27,"column":1}},"line":21},"2":{"name":"getFavorites","decl":{"start":{"line":31,"column":22},"end":{"line":31,"column":34}},"loc":{"start":{"line":31,"column":50},"end":{"line":40,"column":1}},"line":31},"3":{"name":"addFavorite","decl":{"start":{"line":41,"column":22},"end":{"line":41,"column":33}},"loc":{"start":{"line":41,"column":41},"end":{"line":49,"column":1}},"line":41},"4":{"name":"removeFavorite","decl":{"start":{"line":50,"column":22},"end":{"line":50,"column":36}},"loc":{"start":{"line":50,"column":46},"end":{"line":58,"column":1}},"line":50},"5":{"name":"getWatchlists","decl":{"start":{"line":62,"column":22},"end":{"line":62,"column":35}},"loc":{"start":{"line":62,"column":51},"end":{"line":71,"column":1}},"line":62},"6":{"name":"createWatchlist","decl":{"start":{"line":72,"column":22},"end":{"line":72,"column":37}},"loc":{"start":{"line":72,"column":49},"end":{"line":80,"column":1}},"line":72},"7":{"name":"addMovieToWatchlist","decl":{"start":{"line":81,"column":22},"end":{"line":81,"column":41}},"loc":{"start":{"line":81,"column":62},"end":{"line":89,"column":1}},"line":81},"8":{"name":"removeMovieFromWatchlist","decl":{"start":{"line":90,"column":22},"end":{"line":90,"column":46}},"loc":{"start":{"line":90,"column":69},"end":{"line":98,"column":1}},"line":90},"9":{"name":"getUserReviews","decl":{"start":{"line":101,"column":22},"end":{"line":101,"column":36}},"loc":{"start":{"line":101,"column":45},"end":{"line":108,"column":1}},"line":101},"10":{"name":"addReview","decl":{"start":{"line":109,"column":22},"end":{"line":109,"column":31}},"loc":{"start":{"line":109,"column":40},"end":{"line":116,"column":1}},"line":109},"11":{"name":"updateReview","decl":{"start":{"line":117,"column":22},"end":{"line":117,"column":34}},"loc":{"start":{"line":117,"column":47},"end":{"line":124,"column":1}},"line":117},"12":{"name":"deleteReview","decl":{"start":{"line":125,"column":22},"end":{"line":125,"column":34}},"loc":{"start":{"line":125,"column":39},"end":{"line":132,"column":1}},"line":125},"13":{"name":"searchMovies","decl":{"start":{"line":135,"column":22},"end":{"line":135,"column":34}},"loc":{"start":{"line":135,"column":43},"end":{"line":142,"column":1}},"line":135}},"branchMap":{"0":{"loc":{"start":{"line":5,"column":11},"end":{"line":7,"column":33}},"type":"cond-expr","locations":[{"start":{"line":6,"column":6},"end":{"line":6,"column":44}},{"start":{"line":7,"column":6},"end":{"line":7,"column":33}}],"line":5},"1":{"loc":{"start":{"line":14,"column":2},"end":{"line":16,"column":3}},"type":"if","locations":[{"start":{"line":14,"column":2},"end":{"line":16,"column":3}},{"start":{},"end":{}}],"line":14},"2":{"loc":{"start":{"line":22,"column":2},"end":{"line":24,"column":3}},"type":"if","locations":[{"start":{"line":22,"column":2},"end":{"line":24,"column":3}},{"start":{},"end":{}}],"line":22},"3":{"loc":{"start":{"line":22,"column":6},"end":{"line":22,"column":74}},"type":"binary-expr","locations":[{"start":{"line":22,"column":6},"end":{"line":22,"column":20}},{"start":{"line":22,"column":24},"end":{"line":22,"column":43}},{"start":{"line":22,"column":47},"end":{"line":22,"column":74}}],"line":22},"4":{"loc":{"start":{"line":25,"column":2},"end":{"line":25,"column":42}},"type":"if","locations":[{"start":{"line":25,"column":2},"end":{"line":25,"column":42}},{"start":{},"end":{}}],"line":25},"5":{"loc":{"start":{"line":31,"column":35},"end":{"line":31,"column":48}},"type":"default-arg","locations":[{"start":{"line":31,"column":43},"end":{"line":31,"column":48}}],"line":31},"6":{"loc":{"start":{"line":32,"column":2},"end":{"line":32,"column":64}},"type":"if","locations":[{"start":{"line":32,"column":2},"end":{"line":32,"column":64}},{"start":{},"end":{}}],"line":32},"7":{"loc":{"start":{"line":32,"column":6},"end":{"line":32,"column":35}},"type":"binary-expr","locations":[{"start":{"line":32,"column":6},"end":{"line":32,"column":25}},{"start":{"line":32,"column":29},"end":{"line":32,"column":35}}],"line":32},"8":{"loc":{"start":{"line":62,"column":36},"end":{"line":62,"column":49}},"type":"default-arg","locations":[{"start":{"line":62,"column":44},"end":{"line":62,"column":49}}],"line":62},"9":{"loc":{"start":{"line":63,"column":2},"end":{"line":63,"column":66}},"type":"if","locations":[{"start":{"line":63,"column":2},"end":{"line":63,"column":66}},{"start":{},"end":{}}],"line":63},"10":{"loc":{"start":{"line":63,"column":6},"end":{"line":63,"column":36}},"type":"binary-expr","locations":[{"start":{"line":63,"column":6},"end":{"line":63,"column":26}},{"start":{"line":63,"column":30},"end":{"line":63,"column":36}}],"line":63}},"s":{"0":0,"1":0,"2":0,"3":0,"4":0,"5":0,"6":0,"7":0,"8":0,"9":0,"10":0,"11":0,"12":0,"13":0,"14":0,"15":0,"16":0,"17":0,"18":0,"19":0,"20":0,"21":0,"22":0,"23":0,"24":0,"25":0,"26":0,"27":0,"28":0,"29":0,"30":0,"31":0,"32":0,"33":0,"34":0,"35":0,"36":0,"37":0,"38":0,"39":0,"40":0,"41":0,"42":0,"43":0,"44":0,"45":0,"46":0,"47":0,"48":0,"49":0,"50":0,"51":0,"52":0,"53":0,"54":0,"55":0,"56":0,"57":0,"58":0,"59":0,"60":0,"61":0,"62":0,"63":0,"64":0,"65":0,"66":0,"67":0,"68":0,"69":0,"70":0,"71":0},"f":{"0":0,"1":0,"2":0,"3":0,"4":0,"5":0,"6":0,"7":0,"8":0,"9":0,"10":0,"11":0,"12":0,"13":0},"b":{"0":[0,0],"1":[0,0],"2":[0,0],"3":[0,0,0],"4":[0,0],"5":[0],"6":[0,0],"7":[0,0],"8":[0],"9":[0,0],"10":[0,0]}}
,"C:\\Users\\Bitrus.ed\\Desktop\\movie-recommendation-app\\frontend\\src\\index.js": {"path":"C:\\Users\\Bitrus.ed\\Desktop\\movie-recommendation-app\\frontend\\src\\index.js","statementMap":{"0":{"start":{"line":9,"column":0},"end":{"line":17,"column":1}},"1":{"start":{"line":10,"column":2},"end":{"line":16,"column":5}},"2":{"start":{"line":11,"column":4},"end":{"line":15,"column":7}},"3":{"start":{"line":12,"column":6},"end":{"line":12,"column":92}},"4":{"start":{"line":14,"column":6},"end":{"line":14,"column":64}},"5":{"start":{"line":19,"column":13},"end":{"line":19,"column":65}},"6":{"start":{"line":20,"column":0},"end":{"line":24,"column":2}},"7":{"start":{"line":26,"column":0},"end":{"line":26,"column":18}}},"fnMap":{"0":{"name":"(anonymous_0)","decl":{"start":{"line":10,"column":34},"end":{"line":10,"column":35}},"loc":{"start":{"line":10,"column":40},"end":{"line":16,"column":3}},"line":10},"1":{"name":"(anonymous_1)","decl":{"start":{"line":11,"column":64},"end":{"line":11,"column":65}},"loc":{"start":{"line":11,"column":80},"end":{"line":13,"column":5}},"line":11},"2":{"name":"(anonymous_2)","decl":{"start":{"line":13,"column":13},"end":{"line":13,"column":14}},"loc":{"start":{"line":13,"column":22},"end":{"line":15,"column":5}},"line":13}},"branchMap":{"0":{"loc":{"start":{"line":9,"column":0},"end":{"line":17,"column":1}},"type":"if","locations":[{"start":{"line":9,"column":0},"end":{"line":17,"column":1}},{"start":{},"end":{}}],"line":9}},"s":{"0":0,"1":0,"2":0,"3":0,"4":0,"5":0,"6":0,"7":0},"f":{"0":0,"1":0,"2":0},"b":{"0":[0,0]}}
,"C:\\Users\\Bitrus.ed\\Desktop\\movie-recommendation-app\\frontend\\src\\reportWebVitals.js": {"path":"C:\\Users\\Bitrus.ed\\Desktop\\movie-recommendation-app\\frontend\\src\\reportWebVitals.js","statementMap":{"0":{"start":{"line":1,"column":24},"end":{"line":11,"column":1}},"1":{"start":{"line":2,"column":2},"end":{"line":10,"column":3}},"2":{"start":{"line":3,"column":4},"end":{"line":9,"column":7}},"3":{"start":{"line":4,"column":6},"end":{"line":4,"column":26}},"4":{"start":{"line":5,"column":6},"end":{"line":5,"column":26}},"5":{"start":{"line":6,"column":6},"end":{"line":6,"column":26}},"6":{"start":{"line":7,"column":6},"end":{"line":7,"column":26}},"7":{"start":{"line":8,"column":6},"end":{"line":8,"column":27}}},"fnMap":{"0":{"name":"(anonymous_0)","decl":{"start":{"line":1,"column":24},"end":{"line":1,"column":25}},"loc":{"start":{"line":1,"column":39},"end":{"line":11,"column":1}},"line":1},"1":{"name":"(anonymous_1)","decl":{"start":{"line":3,"column":30},"end":{"line":3,"column":31}},"loc":{"start":{"line":3,"column":79},"end":{"line":9,"column":5}},"line":3}},"branchMap":{"0":{"loc":{"start":{"line":2,"column":2},"end":{"line":10,"column":3}},"type":"if","locations":[{"start":{"line":2,"column":2},"end":{"line":10,"column":3}},{"start":{},"end":{}}],"line":2},"1":{"loc":{"start":{"line":2,"column":6},"end":{"line":2,"column":52}},"type":"binary-expr","locations":[{"start":{"line":2,"column":6},"end":{"line":2,"column":17}},{"start":{"line":2,"column":21},"end":{"line":2,"column":52}}],"line":2}},"s":{"0":0,"1":0,"2":0,"3":0,"4":0,"5":0,"6":0,"7":0},"f":{"0":0,"1":0},"b":{"0":[0,0],"1":[0,0]}}
}
