TN:
SF:src\AddMovie.js
FN:5,AddMovie
FN:9,(anonymous_1)
FN:13,(anonymous_2)
FNF:3
FNH:0
FNDA:0,AddMovie
FNDA:0,(anonymous_1)
FNDA:0,(anonymous_2)
DA:3,0
DA:6,0
DA:7,0
DA:9,0
DA:10,0
DA:13,0
DA:14,0
DA:15,0
DA:16,0
DA:17,0
DA:18,0
DA:19,0
DA:21,0
DA:22,0
DA:33,0
DA:34,0
DA:35,0
DA:36,0
DA:37,0
DA:39,0
DA:42,0
DA:46,0
LF:22
LH:0
BRDA:3,0,0,0
BRDA:3,0,1,0
BRDA:17,1,0,0
BRDA:17,1,1,0
BRDA:30,2,0,0
BRDA:30,2,1,0
BRDA:34,3,0,0
BRDA:34,3,1,0
BRDA:37,4,0,0
BRDA:37,4,1,0
BRDA:39,5,0,0
BRDA:39,5,1,0
BRDA:67,6,0,0
BRDA:67,6,1,0
BRF:14
BRH:0
end_of_record
TN:
SF:src\AddMovieToWatchlist.js
FN:5,AddMovieToWatchlist
FN:10,(anonymous_1)
FN:12,(anonymous_2)
FN:13,(anonymous_3)
FN:16,(anonymous_4)
FN:44,(anonymous_5)
FN:48,(anonymous_6)
FNF:7
FNH:0
FNDA:0,AddMovieToWatchlist
FNDA:0,(anonymous_1)
FNDA:0,(anonymous_2)
FNDA:0,(anonymous_3)
FNDA:0,(anonymous_4)
FNDA:0,(anonymous_5)
FNDA:0,(anonymous_6)
DA:6,0
DA:7,0
DA:8,0
DA:10,0
DA:11,0
DA:12,0
DA:13,0
DA:16,0
DA:17,0
DA:18,0
DA:19,0
DA:30,0
DA:31,0
DA:34,0
DA:44,0
DA:49,0
LF:16
LH:0
BRDA:11,0,0,0
BRDA:11,0,1,0
BRDA:13,1,0,0
BRDA:13,1,1,0
BRDA:18,2,0,0
BRDA:18,2,1,0
BRDA:20,3,0,0
BRDA:20,3,1,0
BRDA:31,4,0,0
BRDA:31,4,1,0
BRDA:55,5,0,0
BRDA:55,5,1,0
BRF:12
BRH:0
end_of_record
TN:
SF:src\App.js
FN:17,App
FN:18,(anonymous_1)
FN:20,(anonymous_2)
FN:25,(anonymous_3)
FN:41,MainApp
FN:49,(anonymous_5)
FN:59,(anonymous_6)
FN:60,(anonymous_7)
FN:61,(anonymous_8)
FN:62,(anonymous_9)
FN:63,(anonymous_10)
FN:69,(anonymous_11)
FN:76,(anonymous_12)
FN:77,(anonymous_13)
FN:86,(anonymous_14)
FN:143,(anonymous_15)
FN:163,(anonymous_16)
FN:167,(anonymous_17)
FN:170,(anonymous_18)
FN:179,(anonymous_19)
FNF:20
FNH:0
FNDA:0,App
FNDA:0,(anonymous_1)
FNDA:0,(anonymous_2)
FNDA:0,(anonymous_3)
FNDA:0,MainApp
FNDA:0,(anonymous_5)
FNDA:0,(anonymous_6)
FNDA:0,(anonymous_7)
FNDA:0,(anonymous_8)
FNDA:0,(anonymous_9)
FNDA:0,(anonymous_10)
FNDA:0,(anonymous_11)
FNDA:0,(anonymous_12)
FNDA:0,(anonymous_13)
FNDA:0,(anonymous_14)
FNDA:0,(anonymous_15)
FNDA:0,(anonymous_16)
FNDA:0,(anonymous_17)
FNDA:0,(anonymous_18)
FNDA:0,(anonymous_19)
DA:18,0
DA:20,0
DA:21,0
DA:22,0
DA:25,0
DA:27,0
DA:42,0
DA:43,0
DA:44,0
DA:45,0
DA:46,0
DA:49,0
DA:50,0
DA:59,0
DA:60,0
DA:61,0
DA:62,0
DA:63,0
DA:69,0
DA:76,0
DA:77,0
DA:86,0
DA:87,0
DA:138,0
DA:142,0
DA:143,0
DA:144,0
DA:147,0
DA:163,0
DA:167,0
DA:170,0
DA:179,0
LF:32
LH:0
BRDA:18,0,0,0
BRDA:18,0,1,0
BRDA:25,1,0,0
BRDA:25,1,1,0
BRDA:30,2,0,0
BRDA:30,2,1,0
BRDA:57,3,0,0
BRDA:57,3,1,0
BRDA:66,4,0,0
BRDA:66,4,1,0
BRDA:142,5,0,0
BRDA:142,5,1,0
BRDA:142,6,0,0
BRDA:142,6,1,0
BRDA:151,7,0,0
BRDA:151,7,1,0
BRDA:152,8,0,0
BRDA:152,8,1,0
BRDA:154,9,0,0
BRDA:154,9,1,0
BRDA:155,10,0,0
BRDA:155,10,1,0
BRDA:156,11,0,0
BRDA:156,11,1,0
BRDA:157,12,0,0
BRDA:157,12,1,0
BRDA:158,13,0,0
BRDA:158,13,1,0
BRDA:159,14,0,0
BRDA:159,14,1,0
BRDA:160,15,0,0
BRDA:160,15,1,0
BRDA:164,16,0,0
BRDA:164,16,1,0
BRF:34
BRH:0
end_of_record
TN:
SF:src\AuthContext.js
FN:5,AuthProvider
FN:10,(anonymous_1)
FN:31,(anonymous_2)
FN:41,(anonymous_3)
FN:42,(anonymous_4)
FN:43,(anonymous_5)
FN:47,(anonymous_6)
FN:56,(anonymous_7)
FN:64,(anonymous_8)
FNF:9
FNH:0
FNDA:0,AuthProvider
FNDA:0,(anonymous_1)
FNDA:0,(anonymous_2)
FNDA:0,(anonymous_3)
FNDA:0,(anonymous_4)
FNDA:0,(anonymous_5)
FNDA:0,(anonymous_6)
FNDA:0,(anonymous_7)
FNDA:0,(anonymous_8)
DA:3,2
DA:6,0
DA:7,0
DA:10,0
DA:11,0
DA:12,0
DA:16,0
DA:17,0
DA:18,0
DA:19,0
DA:20,0
DA:22,0
DA:23,0
DA:26,0
DA:27,0
DA:31,0
DA:32,0
DA:34,0
DA:36,0
DA:37,0
DA:41,0
DA:42,0
DA:43,0
DA:47,0
DA:48,0
DA:49,0
DA:50,0
DA:51,0
DA:56,0
DA:57,0
DA:58,0
DA:59,0
DA:61,0
DA:67,0
LF:34
LH:1
BRDA:12,0,0,0
BRDA:12,0,1,0
BRDA:17,1,0,0
BRDA:17,1,1,0
BRDA:17,2,0,0
BRDA:17,2,1,0
BRDA:32,3,0,0
BRDA:32,3,1,0
BRDA:36,4,0,0
BRDA:36,4,1,0
BRDA:36,5,0,0
BRDA:36,5,1,0
BRDA:37,6,0,0
BRDA:37,6,1,0
BRDA:50,7,0,0
BRDA:50,7,1,0
BRDA:61,8,0,0
BRDA:61,8,1,0
BRF:18
BRH:0
end_of_record
TN:
SF:src\AuthModal.js
FN:3,AuthModal
FN:7,(anonymous_1)
FN:11,(anonymous_2)
FN:28,(anonymous_3)
FNF:4
FNH:0
FNDA:0,AuthModal
FNDA:0,(anonymous_1)
FNDA:0,(anonymous_2)
FNDA:0,(anonymous_3)
DA:4,0
DA:5,0
DA:7,0
DA:8,0
DA:9,0
DA:10,0
DA:11,0
DA:12,0
DA:14,0
DA:15,0
DA:16,0
DA:17,0
DA:18,0
DA:19,0
DA:20,0
DA:21,0
DA:22,0
DA:23,0
DA:27,0
DA:28,0
DA:29,0
DA:30,0
DA:35,0
DA:36,0
LF:24
LH:0
BRDA:8,0,0,0
BRDA:8,0,1,0
BRDA:12,1,0,0
BRDA:12,1,1,0
BRDA:14,2,0,0
BRDA:14,2,1,0
BRDA:18,3,0,0
BRDA:18,3,1,0
BRDA:18,4,0,0
BRDA:18,4,1,0
BRDA:21,5,0,0
BRDA:21,5,1,0
BRDA:21,6,0,0
BRDA:21,6,1,0
BRDA:35,7,0,0
BRDA:35,7,1,0
BRF:16
BRH:0
end_of_record
TN:
SF:src\FavoritesList.js
FN:7,FavoritesList
FN:13,(anonymous_1)
FN:29,(anonymous_2)
FN:36,(anonymous_3)
FN:43,(anonymous_4)
FN:54,(anonymous_5)
FN:57,(anonymous_6)
FNF:7
FNH:0
FNDA:0,FavoritesList
FNDA:0,(anonymous_1)
FNDA:0,(anonymous_2)
FNDA:0,(anonymous_3)
FNDA:0,(anonymous_4)
FNDA:0,(anonymous_5)
FNDA:0,(anonymous_6)
DA:5,1
DA:8,0
DA:9,0
DA:10,0
DA:11,0
DA:13,0
DA:14,0
DA:15,0
DA:16,0
DA:19,0
DA:20,0
DA:21,0
DA:23,0
DA:25,0
DA:29,0
DA:30,0
DA:31,0
DA:35,0
DA:36,0
DA:37,0
DA:39,0
DA:43,0
DA:44,0
DA:47,0
DA:48,0
DA:50,0
DA:55,0
DA:57,0
LF:28
LH:1
BRDA:5,0,0,1
BRDA:5,0,1,1
BRDA:19,1,0,0
BRDA:19,1,1,0
BRDA:35,2,0,0
BRDA:35,2,1,0
BRDA:44,3,0,0
BRDA:44,3,1,0
BRDA:47,4,0,0
BRDA:47,4,1,0
BRDA:48,5,0,0
BRDA:48,5,1,0
BRF:12
BRH:2
end_of_record
TN:
SF:src\Login.js
FN:7,Login
FN:16,(anonymous_1)
FN:20,(anonymous_2)
FN:27,(anonymous_3)
FN:51,(anonymous_4)
FN:64,(anonymous_5)
FN:90,(anonymous_6)
FN:95,(anonymous_7)
FN:107,(anonymous_8)
FN:120,(anonymous_9)
FN:124,(anonymous_10)
FN:158,(anonymous_11)
FN:158,(anonymous_12)
FNF:13
FNH:1
FNDA:4,Login
FNDA:0,(anonymous_1)
FNDA:0,(anonymous_2)
FNDA:0,(anonymous_3)
FNDA:0,(anonymous_4)
FNDA:0,(anonymous_5)
FNDA:0,(anonymous_6)
FNDA:0,(anonymous_7)
FNDA:0,(anonymous_8)
FNDA:0,(anonymous_9)
FNDA:0,(anonymous_10)
FNDA:0,(anonymous_11)
FNDA:0,(anonymous_12)
DA:8,4
DA:9,4
DA:10,4
DA:11,4
DA:12,4
DA:13,4
DA:14,2
DA:16,2
DA:17,0
DA:20,2
DA:21,0
DA:22,0
DA:23,0
DA:24,0
DA:27,2
DA:28,0
DA:29,0
DA:30,0
DA:31,0
DA:32,0
DA:33,0
DA:34,0
DA:35,0
DA:41,0
DA:42,0
DA:43,0
DA:44,0
DA:45,0
DA:46,0
DA:47,0
DA:48,0
DA:49,0
DA:51,0
DA:52,0
DA:54,0
DA:55,0
DA:58,0
DA:59,0
DA:60,0
DA:64,2
DA:65,0
DA:66,0
DA:67,0
DA:72,0
DA:73,0
DA:74,0
DA:75,0
DA:76,0
DA:77,0
DA:78,0
DA:79,0
DA:81,0
DA:82,0
DA:85,0
DA:86,0
DA:87,0
DA:90,2
DA:91,0
DA:95,2
DA:96,0
DA:97,0
DA:98,0
DA:99,0
DA:100,0
DA:101,0
DA:102,0
DA:103,0
DA:104,0
DA:107,0
DA:108,0
DA:109,0
DA:110,0
DA:111,0
DA:112,0
DA:113,0
DA:114,0
DA:115,0
DA:117,0
DA:120,2
DA:121,0
DA:124,2
DA:125,0
DA:128,2
DA:158,0
LF:84
LH:16
BRDA:22,0,0,0
BRDA:22,0,1,0
BRDA:23,1,0,0
BRDA:23,1,1,0
BRDA:32,2,0,0
BRDA:32,2,1,0
BRDA:35,3,0,0
BRDA:35,3,1,0
BRDA:43,4,0,0
BRDA:43,4,1,0
BRDA:43,5,0,0
BRDA:43,5,1,0
BRDA:45,6,0,0
BRDA:45,6,1,0
BRDA:48,7,0,0
BRDA:48,7,1,0
BRDA:49,8,0,0
BRDA:49,8,1,0
BRDA:49,9,0,0
BRDA:49,9,1,0
BRDA:51,10,0,0
BRDA:51,10,1,0
BRDA:52,11,0,0
BRDA:52,11,1,0
BRDA:54,12,0,0
BRDA:54,12,1,0
BRDA:55,13,0,0
BRDA:55,13,1,0
BRDA:67,14,0,0
BRDA:67,14,1,0
BRDA:74,15,0,0
BRDA:74,15,1,0
BRDA:74,16,0,0
BRDA:74,16,1,0
BRDA:76,17,0,0
BRDA:76,17,1,0
BRDA:79,18,0,0
BRDA:79,18,1,0
BRDA:81,19,0,0
BRDA:81,19,1,0
BRDA:82,20,0,0
BRDA:82,20,1,0
BRDA:96,21,0,0
BRDA:96,21,1,0
BRDA:102,22,0,0
BRDA:102,22,1,0
BRDA:108,23,0,0
BRDA:108,23,1,0
BRDA:108,24,0,0
BRDA:108,24,1,0
BRDA:110,25,0,0
BRDA:110,25,1,0
BRDA:113,26,0,0
BRDA:113,26,1,0
BRDA:134,27,0,0
BRDA:134,27,1,2
BRDA:143,28,0,2
BRDA:143,28,1,0
BRDA:148,29,0,0
BRDA:148,29,1,2
BRDA:149,30,0,0
BRDA:149,30,1,2
BRDA:158,31,0,0
BRDA:158,31,1,2
BRDA:159,32,0,0
BRDA:159,32,1,2
BRDA:161,33,0,2
BRDA:161,33,1,0
BRDA:168,34,0,0
BRDA:168,34,1,2
BRDA:183,35,0,2
BRDA:183,35,1,0
BRF:72
BRH:9
end_of_record
TN:
SF:src\MovieCacheContext.js
FN:5,MovieCacheProvider
FN:8,(anonymous_1)
FN:9,(anonymous_2)
FNF:3
FNH:0
FNDA:0,MovieCacheProvider
FNDA:0,(anonymous_1)
FNDA:0,(anonymous_2)
DA:3,0
DA:6,0
DA:8,0
DA:9,0
DA:12,0
LF:5
LH:0
BRF:0
BRH:0
end_of_record
TN:
SF:src\MovieDetails.js
FN:9,MovieDetails
FN:19,(anonymous_1)
FN:21,(anonymous_2)
FN:24,(anonymous_3)
FN:28,(anonymous_4)
FN:43,(anonymous_5)
FN:53,(anonymous_6)
FN:68,(anonymous_7)
FN:91,(anonymous_8)
FN:118,(anonymous_9)
FN:128,(anonymous_10)
FN:132,(anonymous_11)
FN:137,(anonymous_12)
FNF:13
FNH:0
FNDA:0,MovieDetails
FNDA:0,(anonymous_1)
FNDA:0,(anonymous_2)
FNDA:0,(anonymous_3)
FNDA:0,(anonymous_4)
FNDA:0,(anonymous_5)
FNDA:0,(anonymous_6)
FNDA:0,(anonymous_7)
FNDA:0,(anonymous_8)
FNDA:0,(anonymous_9)
FNDA:0,(anonymous_10)
FNDA:0,(anonymous_11)
FNDA:0,(anonymous_12)
DA:7,0
DA:10,0
DA:11,0
DA:12,0
DA:13,0
DA:14,0
DA:15,0
DA:16,0
DA:17,0
DA:19,0
DA:20,0
DA:21,0
DA:24,0
DA:28,0
DA:29,0
DA:30,0
DA:31,0
DA:32,0
DA:33,0
DA:34,0
DA:36,0
DA:37,0
DA:40,0
DA:43,0
DA:44,0
DA:45,0
DA:46,0
DA:47,0
DA:48,0
DA:50,0
DA:53,0
DA:54,0
DA:55,0
DA:56,0
DA:57,0
DA:58,0
DA:59,0
DA:60,0
DA:61,0
DA:63,0
DA:68,0
DA:69,0
DA:71,0
DA:73,0
DA:91,0
DA:118,0
DA:128,0
DA:132,0
DA:138,0
LF:49
LH:0
BRDA:7,0,0,0
BRDA:7,0,1,0
BRDA:29,1,0,0
BRDA:29,1,1,0
BRDA:32,2,0,0
BRDA:32,2,1,0
BRDA:44,3,0,0
BRDA:44,3,1,0
BRDA:55,4,0,0
BRDA:55,4,1,0
BRDA:68,5,0,0
BRDA:68,5,1,0
BRDA:71,6,0,0
BRDA:71,6,1,0
BRDA:77,7,0,0
BRDA:77,7,1,0
BRDA:91,8,0,0
BRDA:91,8,1,0
BRDA:93,9,0,0
BRDA:93,9,1,0
BRDA:97,10,0,0
BRDA:97,10,1,0
BRDA:97,11,0,0
BRDA:97,11,1,0
BRDA:98,12,0,0
BRDA:98,12,1,0
BRDA:98,13,0,0
BRDA:98,13,1,0
BRDA:100,14,0,0
BRDA:100,14,1,0
BRDA:134,15,0,0
BRDA:134,15,1,0
BRDA:137,16,0,0
BRDA:137,16,1,0
BRDA:139,17,0,0
BRDA:139,17,1,0
BRF:36
BRH:0
end_of_record
TN:
SF:src\MovieList.js
FN:7,MovieList
FN:18,(anonymous_1)
FN:22,(anonymous_2)
FN:26,(anonymous_3)
FN:32,(anonymous_4)
FN:37,(anonymous_5)
FN:43,(anonymous_6)
FN:53,(anonymous_7)
FN:56,(anonymous_8)
FN:59,(anonymous_9)
FN:62,(anonymous_10)
FN:65,(anonymous_11)
FN:76,(anonymous_12)
FN:94,(anonymous_13)
FNF:14
FNH:0
FNDA:0,MovieList
FNDA:0,(anonymous_1)
FNDA:0,(anonymous_2)
FNDA:0,(anonymous_3)
FNDA:0,(anonymous_4)
FNDA:0,(anonymous_5)
FNDA:0,(anonymous_6)
FNDA:0,(anonymous_7)
FNDA:0,(anonymous_8)
FNDA:0,(anonymous_9)
FNDA:0,(anonymous_10)
FNDA:0,(anonymous_11)
FNDA:0,(anonymous_12)
FNDA:0,(anonymous_13)
DA:5,0
DA:8,0
DA:9,0
DA:10,0
DA:11,0
DA:12,0
DA:13,0
DA:14,0
DA:15,0
DA:16,0
DA:18,0
DA:19,0
DA:20,0
DA:21,0
DA:23,0
DA:24,0
DA:27,0
DA:28,0
DA:32,0
DA:33,0
DA:37,0
DA:38,0
DA:39,0
DA:42,0
DA:43,0
DA:46,0
DA:53,0
DA:56,0
DA:59,0
DA:62,0
DA:65,0
DA:77,0
DA:94,0
LF:33
LH:0
BRDA:5,0,0,0
BRDA:5,0,1,0
BRDA:23,1,0,0
BRDA:23,1,1,0
BRDA:42,2,0,0
BRDA:42,2,1,0
BRDA:48,3,0,0
BRDA:48,3,1,0
BRDA:49,4,0,0
BRDA:49,4,1,0
BRDA:96,5,0,0
BRDA:96,5,1,0
BRF:12
BRH:0
end_of_record
TN:
SF:src\MovieSearch.js
FN:4,MovieSearch
FN:13,(anonymous_1)
FN:20,(anonymous_2)
FN:26,(anonymous_3)
FN:42,(anonymous_4)
FN:50,(anonymous_5)
FN:63,(anonymous_6)
FN:79,(anonymous_7)
FN:94,(anonymous_8)
FN:98,(anonymous_9)
FNF:10
FNH:0
FNDA:0,MovieSearch
FNDA:0,(anonymous_1)
FNDA:0,(anonymous_2)
FNDA:0,(anonymous_3)
FNDA:0,(anonymous_4)
FNDA:0,(anonymous_5)
FNDA:0,(anonymous_6)
FNDA:0,(anonymous_7)
FNDA:0,(anonymous_8)
FNDA:0,(anonymous_9)
DA:5,0
DA:6,0
DA:7,0
DA:8,0
DA:9,0
DA:10,0
DA:11,0
DA:13,0
DA:14,0
DA:15,0
DA:16,0
DA:17,0
DA:19,0
DA:20,0
DA:21,0
DA:26,0
DA:27,0
DA:28,0
DA:29,0
DA:30,0
DA:31,0
DA:32,0
DA:34,0
DA:36,0
DA:40,0
DA:42,0
DA:50,0
DA:63,0
DA:79,0
DA:95,0
DA:98,0
LF:31
LH:0
BRDA:14,0,0,0
BRDA:14,0,1,0
BRDA:14,1,0,0
BRDA:14,1,1,0
BRDA:14,1,2,0
BRDA:19,2,0,0
BRDA:19,2,1,0
BRDA:31,3,0,0
BRDA:31,3,1,0
BRDA:32,4,0,0
BRDA:32,4,1,0
BRDA:32,5,0,0
BRDA:32,5,1,0
BRDA:87,6,0,0
BRDA:87,6,1,0
BRDA:91,7,0,0
BRDA:91,7,1,0
BRDA:92,8,0,0
BRDA:92,8,1,0
BRDA:101,9,0,0
BRDA:101,9,1,0
BRF:21
BRH:0
end_of_record
TN:
SF:src\NotificationContext.js
FN:5,useNotification
FN:9,NotificationProvider
FN:11,(anonymous_2)
FN:13,(anonymous_3)
FN:14,(anonymous_4)
FN:14,(anonymous_5)
FN:14,(anonymous_6)
FN:16,(anonymous_7)
FN:17,(anonymous_8)
FN:17,(anonymous_9)
FN:23,(anonymous_10)
FN:26,(anonymous_11)
FNF:12
FNH:1
FNDA:5,useNotification
FNDA:0,NotificationProvider
FNDA:0,(anonymous_2)
FNDA:0,(anonymous_3)
FNDA:0,(anonymous_4)
FNDA:0,(anonymous_5)
FNDA:0,(anonymous_6)
FNDA:0,(anonymous_7)
FNDA:0,(anonymous_8)
FNDA:0,(anonymous_9)
FNDA:0,(anonymous_10)
FNDA:0,(anonymous_11)
DA:3,2
DA:6,5
DA:10,0
DA:11,0
DA:12,0
DA:13,0
DA:14,0
DA:16,0
DA:17,0
DA:19,0
DA:24,0
DA:26,0
LF:12
LH:2
BRDA:11,0,0,0
BRDA:11,1,0,0
BRF:2
BRH:0
end_of_record
TN:
SF:src\Profile.js
FN:9,Profile
FN:17,(anonymous_1)
FN:18,(anonymous_2)
FN:38,(anonymous_3)
FN:54,(anonymous_4)
FN:62,(anonymous_5)
FN:121,(anonymous_6)
FN:132,(anonymous_7)
FNF:8
FNH:0
FNDA:0,Profile
FNDA:0,(anonymous_1)
FNDA:0,(anonymous_2)
FNDA:0,(anonymous_3)
FNDA:0,(anonymous_4)
FNDA:0,(anonymous_5)
FNDA:0,(anonymous_6)
FNDA:0,(anonymous_7)
DA:4,0
DA:6,0
DA:7,0
DA:10,0
DA:11,0
DA:12,0
DA:13,0
DA:14,0
DA:15,0
DA:17,0
DA:18,0
DA:19,0
DA:20,0
DA:21,0
DA:22,0
DA:25,0
DA:26,0
DA:27,0
DA:29,0
DA:32,0
DA:35,0
DA:38,0
DA:39,0
DA:40,0
DA:41,0
DA:42,0
DA:44,0
DA:45,0
DA:46,0
DA:47,0
DA:48,0
DA:52,0
DA:53,0
DA:54,0
DA:62,0
DA:63,0
DA:64,0
DA:65,0
DA:66,0
DA:67,0
DA:69,0
DA:71,0
DA:72,0
DA:80,0
DA:81,0
DA:82,0
DA:83,0
DA:85,0
DA:88,0
DA:92,0
DA:93,0
DA:95,0
DA:121,0
DA:132,0
LF:54
LH:0
BRDA:4,0,0,0
BRDA:4,0,1,0
BRDA:20,1,0,0
BRDA:20,1,1,0
BRDA:26,2,0,0
BRDA:26,2,1,0
BRDA:29,3,0,0
BRDA:29,3,1,0
BRDA:40,4,0,0
BRDA:40,4,1,0
BRDA:53,5,0,0
BRDA:53,5,1,0
BRDA:65,6,0,0
BRDA:65,6,1,0
BRDA:67,7,0,0
BRDA:67,7,1,0
BRDA:81,8,0,0
BRDA:81,8,1,0
BRDA:85,9,0,0
BRDA:85,9,1,0
BRDA:92,10,0,0
BRDA:92,10,1,0
BRDA:93,11,0,0
BRDA:93,11,1,0
BRDA:109,12,0,0
BRDA:109,12,1,0
BRDA:109,12,2,0
BRDA:138,13,0,0
BRDA:138,13,1,0
BRF:29
BRH:0
end_of_record
TN:
SF:src\Recommendations.js
FN:6,Recommendations
FN:10,(anonymous_1)
FN:11,(anonymous_2)
FN:35,(anonymous_3)
FN:55,(anonymous_4)
FNF:5
FNH:0
FNDA:0,Recommendations
FNDA:0,(anonymous_1)
FNDA:0,(anonymous_2)
FNDA:0,(anonymous_3)
FNDA:0,(anonymous_4)
DA:4,0
DA:7,0
DA:8,0
DA:10,0
DA:11,0
DA:12,0
DA:13,0
DA:14,0
DA:15,0
DA:18,0
DA:19,0
DA:20,0
DA:22,0
DA:25,0
DA:28,0
DA:29,0
DA:31,0
DA:36,0
DA:37,0
DA:55,0
LF:20
LH:0
BRDA:4,0,0,0
BRDA:4,0,1,0
BRDA:13,1,0,0
BRDA:13,1,1,0
BRDA:19,2,0,0
BRDA:19,2,1,0
BRDA:20,3,0,0
BRDA:20,3,1,0
BRDA:28,4,0,0
BRDA:28,4,1,0
BRDA:29,5,0,0
BRDA:29,5,1,0
BRDA:36,6,0,0
BRDA:36,6,1,0
BRDA:40,7,0,0
BRDA:40,7,1,0
BRDA:45,8,0,0
BRDA:45,8,1,0
BRDA:47,9,0,0
BRDA:47,9,1,0
BRDA:47,10,0,0
BRDA:47,10,1,0
BRDA:47,11,0,0
BRDA:47,11,1,0
BRDA:48,12,0,0
BRDA:48,12,1,0
BRDA:49,13,0,0
BRDA:49,13,1,0
BRF:28
BRH:0
end_of_record
TN:
SF:src\Register.js
FN:5,Register
FN:14,(anonymous_1)
FN:18,(anonymous_2)
FN:27,(anonymous_3)
FN:103,(anonymous_4)
FN:103,(anonymous_5)
FNF:6
FNH:2
FNDA:6,Register
FNDA:2,(anonymous_1)
FNDA:0,(anonymous_2)
FNDA:0,(anonymous_3)
FNDA:0,(anonymous_4)
FNDA:0,(anonymous_5)
DA:6,6
DA:7,5
DA:8,5
DA:9,5
DA:10,5
DA:11,5
DA:12,3
DA:14,3
DA:15,2
DA:18,3
DA:19,0
DA:20,0
DA:21,0
DA:22,0
DA:23,0
DA:24,0
DA:27,3
DA:28,0
DA:29,0
DA:30,0
DA:31,0
DA:32,0
DA:33,0
DA:34,0
DA:35,0
DA:41,0
DA:42,0
DA:43,0
DA:44,0
DA:45,0
DA:46,0
DA:47,0
DA:49,0
DA:50,0
DA:53,0
DA:54,0
DA:55,0
DA:59,3
DA:103,0
LF:39
LH:12
BRDA:20,0,0,0
BRDA:20,0,1,0
BRDA:21,1,0,0
BRDA:21,1,1,0
BRDA:22,2,0,0
BRDA:22,2,1,0
BRDA:23,3,0,0
BRDA:23,3,1,0
BRDA:32,4,0,0
BRDA:32,4,1,0
BRDA:35,5,0,0
BRDA:35,5,1,0
BRDA:43,6,0,0
BRDA:43,6,1,0
BRDA:43,7,0,0
BRDA:43,7,1,0
BRDA:45,8,0,0
BRDA:45,8,1,0
BRDA:49,9,0,0
BRDA:49,9,1,0
BRDA:50,10,0,0
BRDA:50,10,1,0
BRDA:64,11,0,0
BRDA:64,11,1,3
BRDA:73,12,0,3
BRDA:73,12,1,0
BRDA:78,13,0,0
BRDA:78,13,1,3
BRDA:88,14,0,3
BRDA:88,14,1,0
BRDA:93,15,0,0
BRDA:93,15,1,3
BRDA:96,16,0,0
BRDA:96,16,1,3
BRDA:103,17,0,0
BRDA:103,17,1,3
BRDA:104,18,0,0
BRDA:104,18,1,3
BRDA:106,19,0,3
BRDA:106,19,1,0
BRDA:108,20,0,0
BRDA:108,20,1,3
BRDA:109,21,0,3
BRDA:109,21,1,0
BRF:44
BRH:11
end_of_record
TN:
SF:src\ReviewsList.js
FN:4,ReviewsList
FN:12,(anonymous_1)
FN:24,(anonymous_2)
FN:30,(anonymous_3)
FN:34,(anonymous_4)
FN:58,(anonymous_5)
FN:68,(anonymous_6)
FN:72,(anonymous_7)
FN:143,(anonymous_8)
FN:149,(anonymous_9)
FN:157,(anonymous_10)
FN:158,(anonymous_11)
FNF:12
FNH:0
FNDA:0,ReviewsList
FNDA:0,(anonymous_1)
FNDA:0,(anonymous_2)
FNDA:0,(anonymous_3)
FNDA:0,(anonymous_4)
FNDA:0,(anonymous_5)
FNDA:0,(anonymous_6)
FNDA:0,(anonymous_7)
FNDA:0,(anonymous_8)
FNDA:0,(anonymous_9)
FNDA:0,(anonymous_10)
FNDA:0,(anonymous_11)
DA:5,0
DA:6,0
DA:7,0
DA:8,0
DA:9,0
DA:10,0
DA:12,0
DA:13,0
DA:14,0
DA:15,0
DA:16,0
DA:17,0
DA:19,0
DA:21,0
DA:24,0
DA:25,0
DA:26,0
DA:30,0
DA:31,0
DA:34,0
DA:35,0
DA:36,0
DA:37,0
DA:38,0
DA:39,0
DA:40,0
DA:42,0
DA:43,0
DA:44,0
DA:45,0
DA:47,0
DA:48,0
DA:50,0
DA:51,0
DA:52,0
DA:54,0
DA:58,0
DA:59,0
DA:60,0
DA:68,0
DA:69,0
DA:70,0
DA:71,0
DA:72,0
DA:74,0
DA:78,0
DA:79,0
DA:80,0
DA:82,0
DA:143,0
DA:150,0
DA:157,0
DA:158,0
LF:53
LH:0
BRDA:25,0,0,0
BRDA:25,0,1,0
BRDA:38,1,0,0
BRDA:38,1,1,0
BRDA:38,2,0,0
BRDA:38,2,1,0
BRDA:43,3,0,0
BRDA:43,3,1,0
BRDA:61,4,0,0
BRDA:61,4,1,0
BRDA:62,5,0,0
BRDA:62,5,1,0
BRDA:62,5,2,0
BRDA:64,6,0,0
BRDA:64,6,1,0
BRDA:69,7,0,0
BRDA:69,7,1,0
BRDA:78,8,0,0
BRDA:78,8,1,0
BRDA:79,9,0,0
BRDA:79,9,1,0
BRDA:80,10,0,0
BRDA:80,10,1,0
BRDA:139,11,0,0
BRDA:139,11,1,0
BRDA:141,12,0,0
BRDA:141,12,1,0
BRDA:146,13,0,0
BRDA:146,13,1,0
BRDA:150,14,0,0
BRDA:150,14,1,0
BRDA:150,14,2,0
BRDA:152,15,0,0
BRDA:152,15,1,0
BRDA:152,15,2,0
BRDA:157,16,0,0
BRDA:157,16,1,0
BRDA:157,16,2,0
BRDA:158,17,0,0
BRDA:158,17,1,0
BRDA:158,17,2,0
BRF:41
BRH:0
end_of_record
TN:
SF:src\Watchlists.js
FN:4,Watchlists
FN:11,(anonymous_1)
FN:23,(anonymous_2)
FN:37,(anonymous_3)
FN:49,(anonymous_4)
FN:69,(anonymous_5)
FN:77,(anonymous_6)
FNF:7
FNH:0
FNDA:0,Watchlists
FNDA:0,(anonymous_1)
FNDA:0,(anonymous_2)
FNDA:0,(anonymous_3)
FNDA:0,(anonymous_4)
FNDA:0,(anonymous_5)
FNDA:0,(anonymous_6)
DA:5,0
DA:6,0
DA:7,0
DA:8,0
DA:9,0
DA:11,0
DA:12,0
DA:13,0
DA:14,0
DA:15,0
DA:16,0
DA:18,0
DA:20,0
DA:23,0
DA:24,0
DA:25,0
DA:26,0
DA:27,0
DA:28,0
DA:29,0
DA:30,0
DA:31,0
DA:33,0
DA:37,0
DA:38,0
DA:42,0
DA:43,0
DA:44,0
DA:46,0
DA:47,0
DA:50,0
DA:59,0
DA:69,0
DA:78,0
LF:34
LH:0
BRDA:42,0,0,0
BRDA:42,0,1,0
BRDA:43,1,0,0
BRDA:43,1,1,0
BRDA:44,2,0,0
BRDA:44,2,1,0
BRDA:46,3,0,0
BRDA:46,3,1,0
BRDA:50,4,0,0
BRDA:50,4,1,0
BRDA:54,5,0,0
BRDA:54,5,1,0
BRDA:75,6,0,0
BRDA:75,6,1,0
BRDA:78,7,0,0
BRDA:78,7,1,0
BRF:16
BRH:0
end_of_record
TN:
SF:src\api.js
FN:12,(anonymous_0)
FN:21,handleApiError
FN:31,getFavorites
FN:41,addFavorite
FN:50,removeFavorite
FN:62,getWatchlists
FN:72,createWatchlist
FN:81,addMovieToWatchlist
FN:90,removeMovieFromWatchlist
FN:101,getUserReviews
FN:109,addReview
FN:117,updateReview
FN:125,deleteReview
FN:135,searchMovies
FNF:14
FNH:0
FNDA:0,(anonymous_0)
FNDA:0,handleApiError
FNDA:0,getFavorites
FNDA:0,addFavorite
FNDA:0,removeFavorite
FNDA:0,getWatchlists
FNDA:0,createWatchlist
FNDA:0,addMovieToWatchlist
FNDA:0,removeMovieFromWatchlist
FNDA:0,getUserReviews
FNDA:0,addReview
FNDA:0,updateReview
FNDA:0,deleteReview
FNDA:0,searchMovies
DA:4,0
DA:12,0
DA:13,0
DA:14,0
DA:15,0
DA:17,0
DA:22,0
DA:23,0
DA:25,0
DA:26,0
DA:30,0
DA:32,0
DA:33,0
DA:34,0
DA:35,0
DA:36,0
DA:38,0
DA:42,0
DA:43,0
DA:44,0
DA:45,0
DA:47,0
DA:51,0
DA:52,0
DA:53,0
DA:54,0
DA:56,0
DA:61,0
DA:63,0
DA:64,0
DA:65,0
DA:66,0
DA:67,0
DA:69,0
DA:73,0
DA:74,0
DA:75,0
DA:76,0
DA:78,0
DA:82,0
DA:83,0
DA:84,0
DA:85,0
DA:87,0
DA:91,0
DA:92,0
DA:93,0
DA:94,0
DA:96,0
DA:102,0
DA:103,0
DA:104,0
DA:106,0
DA:110,0
DA:111,0
DA:112,0
DA:114,0
DA:118,0
DA:119,0
DA:120,0
DA:122,0
DA:126,0
DA:127,0
DA:128,0
DA:130,0
DA:136,0
DA:137,0
DA:138,0
DA:140,0
LF:69
LH:0
BRDA:5,0,0,0
BRDA:5,0,1,0
BRDA:14,1,0,0
BRDA:14,1,1,0
BRDA:22,2,0,0
BRDA:22,2,1,0
BRDA:22,3,0,0
BRDA:22,3,1,0
BRDA:22,3,2,0
BRDA:25,4,0,0
BRDA:25,4,1,0
BRDA:31,5,0,0
BRDA:32,6,0,0
BRDA:32,6,1,0
BRDA:32,7,0,0
BRDA:32,7,1,0
BRDA:62,8,0,0
BRDA:63,9,0,0
BRDA:63,9,1,0
BRDA:63,10,0,0
BRDA:63,10,1,0
BRF:21
BRH:0
end_of_record
TN:
SF:src\index.js
FN:10,(anonymous_0)
FN:11,(anonymous_1)
FN:13,(anonymous_2)
FNF:3
FNH:0
FNDA:0,(anonymous_0)
FNDA:0,(anonymous_1)
FNDA:0,(anonymous_2)
DA:9,0
DA:10,0
DA:11,0
DA:12,0
DA:14,0
DA:19,0
DA:20,0
DA:26,0
LF:8
LH:0
BRDA:9,0,0,0
BRDA:9,0,1,0
BRF:2
BRH:0
end_of_record
TN:
SF:src\reportWebVitals.js
FN:1,(anonymous_0)
FN:3,(anonymous_1)
FNF:2
FNH:0
FNDA:0,(anonymous_0)
FNDA:0,(anonymous_1)
DA:1,0
DA:2,0
DA:3,0
DA:4,0
DA:5,0
DA:6,0
DA:7,0
DA:8,0
LF:8
LH:0
BRDA:2,0,0,0
BRDA:2,0,1,0
BRDA:2,1,0,0
BRDA:2,1,1,0
BRF:4
BRH:0
end_of_record
